Roll:    0.000174305285327  |  Pitch:   -0.000000017049803  |  Yaw:   -0.000000601146894  |  Thrust[0]:    0.000000000000000  |  Thrust[1]:    0.000000000000000  |  Thrust[2]:   -0.001000000047497
Roll:   -0.000131970111397  |  Pitch:   -0.001632639323361  |  Yaw:    0.000059664249420  |  Thrust[0]:    0.000000000000000  |  Thrust[1]:    0.000000000000000  |  Thrust[2]:   -0.001000000047497
Roll:   -0.000903264735825  |  Pitch:    0.004283447284251  |  Yaw:    0.000001668930054  |  Thrust[0]:    0.000000000000000  |  Thrust[1]:    0.000000000000000  |  Thrust[2]:   -0.001000000047497
Roll:   -0.000232645776123  |  Pitch:   -0.004082167986780  |  Yaw:   -0.000001251697540  |  Thrust[0]:    0.000000000000000  |  Thrust[1]:    0.000000000000000  |  Thrust[2]:   -0.001000000047497
Roll:   -0.006831514183432  |  Pitch:    0.002032476942986  |  Yaw:    0.000000834465027  |  Thrust[0]:    0.000000000000000  |  Thrust[1]:    0.000000000000000  |  Thrust[2]:   -0.001000000047497
Roll:   -0.006813990417868  |  Pitch:    0.006975299213082  |  Yaw:    0.000000000000000  |  Thrust[0]:    0.000000000000000  |  Thrust[1]:    0.000000000000000  |  Thrust[2]:   -0.001000000047497
Roll:   -0.011488012038171  |  Pitch:    0.013313733041286  |  Yaw:   -0.000003755092621  |  Thrust[0]:    0.000000000000000  |  Thrust[1]:    0.000000000000000  |  Thrust[2]:   -0.001000000047497
Roll:   -0.011688165366650  |  Pitch:    0.002663930179551  |  Yaw:    0.000000000000000  |  Thrust[0]:    0.000000000000000  |  Thrust[1]:    0.000000000000000  |  Thrust[2]:   -0.001000000047497
Roll:   -0.009461553767323  |  Pitch:    0.005752634722739  |  Yaw:   -0.000004172325134  |  Thrust[0]:    0.000000000000000  |  Thrust[1]:    0.000000000000000  |  Thrust[2]:   -0.001000000047497
Roll:   -0.010797803290188  |  Pitch:    0.002553634578362  |  Yaw:    0.000002920627594  |  Thrust[0]:    0.000000000000000  |  Thrust[1]:    0.000000000000000  |  Thrust[2]:   -0.001000000047497
Roll:   -0.008061036467552  |  Pitch:   -0.000974264345132  |  Yaw:   -0.000005841255188  |  Thrust[0]:    0.000000000000000  |  Thrust[1]:    0.000000000000000  |  Thrust[2]:   -0.001000000047497
Roll:    0.000195583575987  |  Pitch:    0.002627565525472  |  Yaw:    0.000003337860107  |  Thrust[0]:    0.000000000000000  |  Thrust[1]:    0.000000000000000  |  Thrust[2]:   -0.001000000047497
Roll:    0.007300077937543  |  Pitch:    0.001570922788233  |  Yaw:   -0.000000834465027  |  Thrust[0]:    0.000000000000000  |  Thrust[1]:    0.000000000000000  |  Thrust[2]:   -0.001000000047497
Roll:    0.103712216019630  |  Pitch:    0.012335761450231  |  Yaw:   -0.000032544136047  |  Thrust[0]:    0.000000000000000  |  Thrust[1]:    0.000000000000000  |  Thrust[2]:   -0.065037474036217
Roll:    0.165815204381943  |  Pitch:   -0.000450491264928  |  Yaw:   -0.000001251697540  |  Thrust[0]:    0.000000000000000  |  Thrust[1]:    0.000000000000000  |  Thrust[2]:   -0.171331211924553
Roll:    0.123822458088398  |  Pitch:    0.090184569358826  |  Yaw:   -0.000310420989990  |  Thrust[0]:    0.000000000000000  |  Thrust[1]:    0.000000000000000  |  Thrust[2]:   -0.308440476655960
Roll:    0.103241041302681  |  Pitch:    0.091699071228504  |  Yaw:   -0.000251591205597  |  Thrust[0]:    0.000000000000000  |  Thrust[1]:    0.000000000000000  |  Thrust[2]:   -0.399863839149475
Roll:    0.061496008187532  |  Pitch:    0.082923918962479  |  Yaw:   -0.000161886215210  |  Thrust[0]:    0.000000000000000  |  Thrust[1]:    0.000000000000000  |  Thrust[2]:   -0.451277256011963
Roll:    0.043038073927164  |  Pitch:    0.070759028196335  |  Yaw:   -0.000093877315521  |  Thrust[0]:    0.000000000000000  |  Thrust[1]:    0.000000000000000  |  Thrust[2]:   -0.513200640678406
Roll:    0.076805271208286  |  Pitch:    0.034153271466494  |  Yaw:   -0.000071763992310  |  Thrust[0]:    0.000000000000000  |  Thrust[1]:    0.000000000000000  |  Thrust[2]:   -0.586790025234222
Roll:    0.108087211847305  |  Pitch:    0.002010360127315  |  Yaw:   -0.000004172325134  |  Thrust[0]:    0.000000000000000  |  Thrust[1]:    0.000000000000000  |  Thrust[2]:   -0.698392450809479
Roll:   -0.286483168601990  |  Pitch:   -0.180805340409279  |  Yaw:    0.001590907573700  |  Thrust[0]:    0.000000000000000  |  Thrust[1]:    0.000000000000000  |  Thrust[2]:   -0.760723233222961
Roll:   -0.190760642290115  |  Pitch:   -0.106614507734776  |  Yaw:   -0.000597476959229  |  Thrust[0]:    0.000000000000000  |  Thrust[1]:    0.000000000000000  |  Thrust[2]:   -0.768781006336212
Roll:   -0.074716836214066  |  Pitch:   -0.027011893689632  |  Yaw:   -0.000199019908905  |  Thrust[0]:    0.000000000000000  |  Thrust[1]:    0.000000000000000  |  Thrust[2]:   -0.763824224472046
Roll:   -0.058394987136126  |  Pitch:   -0.013744134455919  |  Yaw:   -0.000167727470398  |  Thrust[0]:    0.000000000000000  |  Thrust[1]:    0.000000000000000  |  Thrust[2]:   -0.731344223022461
Roll:   -0.002179185859859  |  Pitch:   -0.019816685467958  |  Yaw:   -0.000192344188690  |  Thrust[0]:    0.000000000000000  |  Thrust[1]:    0.000000000000000  |  Thrust[2]:   -0.738531172275543
Roll:   -0.023375814780593  |  Pitch:   -0.009275343269110  |  Yaw:   -0.000171899795532  |  Thrust[0]:    0.000000000000000  |  Thrust[1]:    0.000000000000000  |  Thrust[2]:   -0.735616981983185
Roll:    0.024716276675463  |  Pitch:    0.008508420549333  |  Yaw:   -0.000099718570709  |  Thrust[0]:    0.000000000000000  |  Thrust[1]:    0.000000000000000  |  Thrust[2]:   -0.734839379787445
Roll:   -0.041580419987440  |  Pitch:    0.000221513211727  |  Yaw:   -0.000023782253265  |  Thrust[0]:    0.000000000000000  |  Thrust[1]:    0.000000000000000  |  Thrust[2]:   -0.734856009483337
Roll:    0.040880121290684  |  Pitch:   -0.020808001980186  |  Yaw:   -0.064454339444637  |  Thrust[0]:    0.000000000000000  |  Thrust[1]:    0.000000000000000  |  Thrust[2]:   -0.733379483222961
Roll:   -0.020567625761032  |  Pitch:   -0.019977720454335  |  Yaw:   -0.044142559170723  |  Thrust[0]:    0.000000000000000  |  Thrust[1]:    0.000000000000000  |  Thrust[2]:   -0.732614994049072
Roll:   -0.035211000591516  |  Pitch:   -0.017867233604193  |  Yaw:    0.001338365487754  |  Thrust[0]:    0.000000000000000  |  Thrust[1]:    0.000000000000000  |  Thrust[2]:   -0.731233954429626
Roll:    0.005365806166083  |  Pitch:   -0.002454835688695  |  Yaw:    0.013222622685134  |  Thrust[0]:    0.000000000000000  |  Thrust[1]:    0.000000000000000  |  Thrust[2]:   -0.730785429477692
Roll:    0.014131203293800  |  Pitch:    0.015371900983155  |  Yaw:    0.006095782853663  |  Thrust[0]:    0.000000000000000  |  Thrust[1]:    0.000000000000000  |  Thrust[2]:   -0.730655193328857
Roll:   -0.027204543352127  |  Pitch:    0.020215332508087  |  Yaw:   -0.002601025160402  |  Thrust[0]:    0.000000000000000  |  Thrust[1]:    0.000000000000000  |  Thrust[2]:   -0.732206702232361
Roll:    0.017618464305997  |  Pitch:   -0.009065711870790  |  Yaw:   -0.003115057479590  |  Thrust[0]:    0.000000000000000  |  Thrust[1]:    0.000000000000000  |  Thrust[2]:   -0.729808390140533
Roll:    0.005331670399755  |  Pitch:   -0.009018743410707  |  Yaw:   -0.000544488371816  |  Thrust[0]:    0.000000000000000  |  Thrust[1]:    0.000000000000000  |  Thrust[2]:   -0.729872047901154
Roll:   -0.001554079353809  |  Pitch:    0.003190065268427  |  Yaw:   -0.000255763530731  |  Thrust[0]:    0.000000000000000  |  Thrust[1]:    0.000000000000000  |  Thrust[2]:   -0.702187836170197
Roll:    0.005515828728676  |  Pitch:    0.008672328665853  |  Yaw:   -0.000252425670624  |  Thrust[0]:    0.000000000000000  |  Thrust[1]:    0.000000000000000  |  Thrust[2]:   -0.709161639213562
Roll:   -0.029530189931393  |  Pitch:    0.019905311986804  |  Yaw:    0.001148223876953  |  Thrust[0]:    0.000000000000000  |  Thrust[1]:    0.000000000000000  |  Thrust[2]:   -0.709558606147766
Roll:    0.004048342816532  |  Pitch:   -0.007248700596392  |  Yaw:   -0.000499010086060  |  Thrust[0]:    0.000000000000000  |  Thrust[1]:    0.000000000000000  |  Thrust[2]:   -0.708105444908142
Roll:   -0.159123063087463  |  Pitch:    0.107738561928272  |  Yaw:   -0.305596172809601  |  Thrust[0]:    0.000000000000000  |  Thrust[1]:    0.000000000000000  |  Thrust[2]:   -0.688771128654480
Roll:    0.130833804607391  |  Pitch:    0.044148642569780  |  Yaw:   -1.321884751319885  |  Thrust[0]:    0.000000000000000  |  Thrust[1]:    0.000000000000000  |  Thrust[2]:   -0.669814169406891
Roll:    0.360791265964508  |  Pitch:   -0.106126636266708  |  Yaw:   -1.200644016265869  |  Thrust[0]:    0.000000000000000  |  Thrust[1]:    0.000000000000000  |  Thrust[2]:   -0.752054631710052
Roll:   -0.069902084767818  |  Pitch:   -0.004670302383602  |  Yaw:   -0.832357347011566  |  Thrust[0]:    0.000000000000000  |  Thrust[1]:    0.000000000000000  |  Thrust[2]:   -0.722158670425415
Roll:   -0.038851186633110  |  Pitch:    0.003896307665855  |  Yaw:   -0.676956057548523  |  Thrust[0]:    0.000000000000000  |  Thrust[1]:    0.000000000000000  |  Thrust[2]:   -0.719680666923523
Roll:   -0.002804443240166  |  Pitch:   -0.030605889856815  |  Yaw:   -0.708399832248688  |  Thrust[0]:    0.000000000000000  |  Thrust[1]:    0.000000000000000  |  Thrust[2]:   -0.724015057086945
Roll:   -0.000094282440841  |  Pitch:   -0.027166008949280  |  Yaw:   -0.776332497596741  |  Thrust[0]:    0.000000000000000  |  Thrust[1]:    0.000000000000000  |  Thrust[2]:   -0.725794315338135
Roll:    0.056778840720654  |  Pitch:    0.029267255216837  |  Yaw:   -0.806768059730530  |  Thrust[0]:    0.000000000000000  |  Thrust[1]:    0.000000000000000  |  Thrust[2]:   -0.723219573497772
Roll:   -0.038645811378956  |  Pitch:    0.003901579417288  |  Yaw:    0.105842769145966  |  Thrust[0]:    0.000000000000000  |  Thrust[1]:    0.000000000000000  |  Thrust[2]:   -0.728130161762238
Roll:   -0.048950426280499  |  Pitch:   -0.005320697091520  |  Yaw:    0.528564572334290  |  Thrust[0]:    0.000000000000000  |  Thrust[1]:    0.000000000000000  |  Thrust[2]:   -0.725164771080017
Roll:    0.027681173756719  |  Pitch:   -0.027325106784701  |  Yaw:    0.204332411289215  |  Thrust[0]:    0.000000000000000  |  Thrust[1]:    0.000000000000000  |  Thrust[2]:   -0.722260177135468
Roll:    0.054702334105968  |  Pitch:    0.006631290540099  |  Yaw:   -0.070155978202820  |  Thrust[0]:    0.000000000000000  |  Thrust[1]:    0.000000000000000  |  Thrust[2]:   -0.727397918701172
Roll:    0.020106816664338  |  Pitch:    0.010048342868686  |  Yaw:   -0.099658466875553  |  Thrust[0]:    0.000000000000000  |  Thrust[1]:    0.000000000000000  |  Thrust[2]:   -0.726831912994385
Roll:    0.008179885335267  |  Pitch:   -0.003173917299137  |  Yaw:   -0.037458293139935  |  Thrust[0]:    0.000000000000000  |  Thrust[1]:    0.000000000000000  |  Thrust[2]:   -0.724537253379822
Roll:   -0.021785352379084  |  Pitch:   -0.007555009797215  |  Yaw:   -0.008479945361614  |  Thrust[0]:    0.000000000000000  |  Thrust[1]:    0.000000000000000  |  Thrust[2]:   -0.728678822517395
Roll:   -0.009558538906276  |  Pitch:    0.007428409066051  |  Yaw:    0.002328201197088  |  Thrust[0]:    0.000000000000000  |  Thrust[1]:    0.000000000000000  |  Thrust[2]:   -0.735743582248688
Roll:   -0.018155537545681  |  Pitch:   -0.007614888716489  |  Yaw:   -0.002084304112941  |  Thrust[0]:    0.000000000000000  |  Thrust[1]:    0.000000000000000  |  Thrust[2]:   -0.729293882846832
Roll:    0.017414996400476  |  Pitch:   -0.009006853215396  |  Yaw:   -0.006536521017551  |  Thrust[0]:    0.000000000000000  |  Thrust[1]:    0.000000000000000  |  Thrust[2]:   -0.725581884384155
Roll:    0.002268251730129  |  Pitch:   -0.000540856446605  |  Yaw:    0.001959835644811  |  Thrust[0]:    0.000000000000000  |  Thrust[1]:    0.000000000000000  |  Thrust[2]:   -0.724264442920685
Roll:    0.008979440666735  |  Pitch:   -0.003698364598677  |  Yaw:   -0.001934118336067  |  Thrust[0]:    0.000000000000000  |  Thrust[1]:    0.000000000000000  |  Thrust[2]:   -0.722909152507782
Roll:    0.001752274343744  |  Pitch:    0.024956876412034  |  Yaw:   -0.006529781036079  |  Thrust[0]:    0.000000000000000  |  Thrust[1]:    0.000000000000000  |  Thrust[2]:   -0.731779575347900
Roll:   -0.013529330492020  |  Pitch:   -0.016378497704864  |  Yaw:   -0.004844035953283  |  Thrust[0]:    0.000000000000000  |  Thrust[1]:    0.000000000000000  |  Thrust[2]:   -0.731886804103851
Roll:   -0.017627216875553  |  Pitch:   -0.054687637835741  |  Yaw:   -0.005522415507585  |  Thrust[0]:    0.000000000000000  |  Thrust[1]:    0.000000000000000  |  Thrust[2]:   -0.725839436054230
Roll:    0.032339487224817  |  Pitch:   -0.009029732085764  |  Yaw:    0.006699968129396  |  Thrust[0]:    0.000000000000000  |  Thrust[1]:    0.000000000000000  |  Thrust[2]:   -0.725233137607574
Roll:    0.008625493384898  |  Pitch:    0.012514761649072  |  Yaw:    0.011307463049889  |  Thrust[0]:    0.000000000000000  |  Thrust[1]:    0.000000000000000  |  Thrust[2]:   -0.730363249778748
Roll:   -0.002123774029315  |  Pitch:    0.021879762411118  |  Yaw:   -0.003144022077322  |  Thrust[0]:    0.000000000000000  |  Thrust[1]:    0.000000000000000  |  Thrust[2]:   -0.728078901767731
Roll:    0.010573549196124  |  Pitch:    0.023613814264536  |  Yaw:    0.006563428323716  |  Thrust[0]:    0.000000000000000  |  Thrust[1]:    0.000000000000000  |  Thrust[2]:   -0.727850079536438
Roll:   -0.013005778193474  |  Pitch:   -0.033790040761232  |  Yaw:   -0.003490229602903  |  Thrust[0]:    0.000000000000000  |  Thrust[1]:    0.000000000000000  |  Thrust[2]:   -0.726901292800903
Roll:   -0.011477507650852  |  Pitch:   -0.027676885947585  |  Yaw:   -0.013306345790625  |  Thrust[0]:    0.000000000000000  |  Thrust[1]:    0.000000000000000  |  Thrust[2]:   -0.726526796817780
Roll:    0.038055311888456  |  Pitch:    0.015782348811626  |  Yaw:    0.009746089577675  |  Thrust[0]:    0.000000000000000  |  Thrust[1]:    0.000000000000000  |  Thrust[2]:   -0.726148664951324
Roll:   -0.023269442841411  |  Pitch:   -0.008339121937752  |  Yaw:    0.004834359511733  |  Thrust[0]:    0.000000000000000  |  Thrust[1]:    0.000000000000000  |  Thrust[2]:   -0.726878523826599
Roll:   -0.004119371064007  |  Pitch:   -0.017043489962816  |  Yaw:   -0.012287611141801  |  Thrust[0]:    0.000000000000000  |  Thrust[1]:    0.000000000000000  |  Thrust[2]:   -0.732244014739990
Roll:    0.003861128119752  |  Pitch:   -0.006924468558282  |  Yaw:   -0.016411580145359  |  Thrust[0]:    0.000000000000000  |  Thrust[1]:    0.000000000000000  |  Thrust[2]:   -0.732500016689301
Roll:    0.006798194721341  |  Pitch:    0.003205168759450  |  Yaw:    0.000882318534423  |  Thrust[0]:    0.000000000000000  |  Thrust[1]:    0.000000000000000  |  Thrust[2]:   -0.728560328483582
Roll:   -0.002974543254822  |  Pitch:    0.011079209856689  |  Yaw:    0.008909345604479  |  Thrust[0]:    0.000000000000000  |  Thrust[1]:    0.000000000000000  |  Thrust[2]:   -0.726892709732056
Roll:    0.004884802736342  |  Pitch:    0.016164649277925  |  Yaw:    0.006488354876637  |  Thrust[0]:    0.000000000000000  |  Thrust[1]:    0.000000000000000  |  Thrust[2]:   -0.728831589221954
Roll:   -0.002748990431428  |  Pitch:    0.004927996546030  |  Yaw:    0.003929870668799  |  Thrust[0]:    0.000000000000000  |  Thrust[1]:    0.000000000000000  |  Thrust[2]:   -0.728565692901611
Roll:   -0.008447458967566  |  Pitch:   -0.002313281409442  |  Yaw:   -0.000571717973799  |  Thrust[0]:    0.000000000000000  |  Thrust[1]:    0.000000000000000  |  Thrust[2]:   -0.727557063102722
Roll:    0.011989141814411  |  Pitch:   -0.003048138460144  |  Yaw:    0.004467663355172  |  Thrust[0]:    0.000000000000000  |  Thrust[1]:    0.000000000000000  |  Thrust[2]:   -0.732099473476410
Roll:   -0.017018198966980  |  Pitch:   -0.018455885350704  |  Yaw:   -0.003077482338995  |  Thrust[0]:    0.000000000000000  |  Thrust[1]:    0.000000000000000  |  Thrust[2]:   -0.725025713443756
Roll:   -0.008152260445058  |  Pitch:   -0.020987844094634  |  Yaw:   -0.020383741706610  |  Thrust[0]:    0.000000000000000  |  Thrust[1]:    0.000000000000000  |  Thrust[2]:   -0.725504875183105
Roll:   -0.005093598272651  |  Pitch:   -0.011397534981370  |  Yaw:   -0.011957263574004  |  Thrust[0]:    0.000000000000000  |  Thrust[1]:    0.000000000000000  |  Thrust[2]:   -0.732123792171478
Roll:    0.013955956324935  |  Pitch:    0.001822316087782  |  Yaw:    0.011367665603757  |  Thrust[0]:    0.000000000000000  |  Thrust[1]:    0.000000000000000  |  Thrust[2]:   -0.726550221443176
Roll:    0.019037935882807  |  Pitch:   -0.015257330611348  |  Yaw:    0.023883465677500  |  Thrust[0]:    0.000000000000000  |  Thrust[1]:    0.000000000000000  |  Thrust[2]:   -0.723213732242584
Roll:    0.014066094532609  |  Pitch:    0.003339092014357  |  Yaw:    0.018653828650713  |  Thrust[0]:    0.000000000000000  |  Thrust[1]:    0.000000000000000  |  Thrust[2]:   -0.728515326976776
Roll:    0.002925205044448  |  Pitch:    0.004140609409660  |  Yaw:    0.001203857362270  |  Thrust[0]:    0.000000000000000  |  Thrust[1]:    0.000000000000000  |  Thrust[2]:   -0.729126930236816
Roll:   -0.011074824258685  |  Pitch:   -0.003733946010470  |  Yaw:   -0.002150774467736  |  Thrust[0]:    0.000000000000000  |  Thrust[1]:    0.000000000000000  |  Thrust[2]:   -0.724205553531647
Roll:   -0.017043525353074  |  Pitch:   -0.007008071988821  |  Yaw:   -0.029454048722982  |  Thrust[0]:    0.000000000000000  |  Thrust[1]:    0.000000000000000  |  Thrust[2]:   -0.725225627422333
Roll:    0.011958071961999  |  Pitch:    0.006686472333968  |  Yaw:   -0.007706374395639  |  Thrust[0]:    0.000000000000000  |  Thrust[1]:    0.000000000000000  |  Thrust[2]:   -0.728940486907959
Roll:    0.013632918708026  |  Pitch:   -0.016892280429602  |  Yaw:    0.015992913395166  |  Thrust[0]:    0.000000000000000  |  Thrust[1]:    0.000000000000000  |  Thrust[2]:   -0.732754588127136
Roll:   -0.000941340986174  |  Pitch:   -0.016660131514072  |  Yaw:    0.008966380730271  |  Thrust[0]:    0.000000000000000  |  Thrust[1]:    0.000000000000000  |  Thrust[2]:   -0.733073949813843
Roll:   -0.004378235433251  |  Pitch:    0.000809185497928  |  Yaw:   -0.003707543946803  |  Thrust[0]:    0.000000000000000  |  Thrust[1]:    0.000000000000000  |  Thrust[2]:   -0.729807853698730
Roll:   -0.002386501291767  |  Pitch:   -0.018791219219565  |  Yaw:   -0.003286203602329  |  Thrust[0]:    0.000000000000000  |  Thrust[1]:    0.000000000000000  |  Thrust[2]:   -0.722071588039398
Roll:    0.001913186628371  |  Pitch:   -0.002638101577759  |  Yaw:   -0.015266685746610  |  Thrust[0]:    0.000000000000000  |  Thrust[1]:    0.000000000000000  |  Thrust[2]:   -0.731549143791199
Roll:    0.013428724370897  |  Pitch:    0.002542647998780  |  Yaw:    0.005434216931462  |  Thrust[0]:    0.000000000000000  |  Thrust[1]:    0.000000000000000  |  Thrust[2]:   -0.729569375514984
Roll:   -0.000449000886874  |  Pitch:    0.001603154698387  |  Yaw:    0.024760160595179  |  Thrust[0]:    0.000000000000000  |  Thrust[1]:    0.000000000000000  |  Thrust[2]:   -0.728579163551331
Roll:   -0.002474127802998  |  Pitch:   -0.004932276438922  |  Yaw:    0.005180253181607  |  Thrust[0]:    0.000000000000000  |  Thrust[1]:    0.000000000000000  |  Thrust[2]:   -0.727553784847260
Roll:   -0.004582456778735  |  Pitch:   -0.019390080124140  |  Yaw:   -0.019188420847058  |  Thrust[0]:    0.000000000000000  |  Thrust[1]:    0.000000000000000  |  Thrust[2]:   -0.724780976772308
Roll:    0.001863606390543  |  Pitch:    0.021908184513450  |  Yaw:   -0.010478841140866  |  Thrust[0]:    0.000000000000000  |  Thrust[1]:    0.000000000000000  |  Thrust[2]:   -0.729420602321625
Roll:    0.018169041723013  |  Pitch:    0.001158717088401  |  Yaw:    0.009691922925413  |  Thrust[0]:    0.000000000000000  |  Thrust[1]:    0.000000000000000  |  Thrust[2]:   -0.725422322750092
Roll:    0.000251896621194  |  Pitch:   -0.009128476493061  |  Yaw:    0.019094601273537  |  Thrust[0]:    0.000000000000000  |  Thrust[1]:    0.000000000000000  |  Thrust[2]:   -0.728683233261108
Roll:    0.006476143840700  |  Pitch:    0.009197415784001  |  Yaw:    0.012293852865696  |  Thrust[0]:    0.000000000000000  |  Thrust[1]:    0.000000000000000  |  Thrust[2]:   -0.724907338619232
Roll:   -0.011730860918760  |  Pitch:   -0.004879645071924  |  Yaw:   -0.010356106795371  |  Thrust[0]:    0.000000000000000  |  Thrust[1]:    0.000000000000000  |  Thrust[2]:   -0.730011880397797
Roll:   -0.014244052581489  |  Pitch:   -0.017443513497710  |  Yaw:   -0.024682192131877  |  Thrust[0]:    0.000000000000000  |  Thrust[1]:    0.000000000000000  |  Thrust[2]:   -0.730141401290894
Roll:   -0.011910687200725  |  Pitch:   -0.000918993144296  |  Yaw:   -0.026812257245183  |  Thrust[0]:    0.000000000000000  |  Thrust[1]:    0.000000000000000  |  Thrust[2]:   -0.730273067951202
Roll:   -0.002671238733456  |  Pitch:   -0.003707337891683  |  Yaw:   -0.013654981739819  |  Thrust[0]:    0.000000000000000  |  Thrust[1]:    0.000000000000000  |  Thrust[2]:   -0.727727770805359
Roll:    0.032961629331112  |  Pitch:   -0.004606295842677  |  Yaw:    0.039352100342512  |  Thrust[0]:    0.000000000000000  |  Thrust[1]:    0.000000000000000  |  Thrust[2]:   -0.733112454414368
Roll:   -0.000392392772483  |  Pitch:   -0.001968200085685  |  Yaw:    0.043676838278770  |  Thrust[0]:    0.000000000000000  |  Thrust[1]:    0.000000000000000  |  Thrust[2]:   -0.724205195903778
Roll:    0.018687820062041  |  Pitch:    0.011935614980757  |  Yaw:    0.011817330494523  |  Thrust[0]:    0.000000000000000  |  Thrust[1]:    0.000000000000000  |  Thrust[2]:   -0.729380309581757
Roll:   -0.001868339022622  |  Pitch:   -0.030364045873284  |  Yaw:    0.002587498165667  |  Thrust[0]:    0.000000000000000  |  Thrust[1]:    0.000000000000000  |  Thrust[2]:   -0.729614675045013
Roll:    0.001361675676890  |  Pitch:   -0.001603291952051  |  Yaw:    0.001317716203630  |  Thrust[0]:    0.000000000000000  |  Thrust[1]:    0.000000000000000  |  Thrust[2]:   -0.735168099403381
Roll:   -0.016258237883449  |  Pitch:    0.005952831823379  |  Yaw:   -0.018000749871135  |  Thrust[0]:    0.000000000000000  |  Thrust[1]:    0.000000000000000  |  Thrust[2]:   -0.729683279991150
Roll:   -0.009570877999067  |  Pitch:   -0.007514048367739  |  Yaw:   -0.030632313340902  |  Thrust[0]:    0.000000000000000  |  Thrust[1]:    0.000000000000000  |  Thrust[2]:   -0.726365685462952
Roll:   -0.008188110776246  |  Pitch:    0.005670531187207  |  Yaw:   -0.020869538187981  |  Thrust[0]:    0.000000000000000  |  Thrust[1]:    0.000000000000000  |  Thrust[2]:   -0.722131550312042
Roll:    0.012173455208540  |  Pitch:   -0.004151481669396  |  Yaw:    0.011989849619567  |  Thrust[0]:    0.000000000000000  |  Thrust[1]:    0.000000000000000  |  Thrust[2]:   -0.729127526283264
Roll:    0.018363891169429  |  Pitch:    0.000677187694237  |  Yaw:    0.054442584514618  |  Thrust[0]:    0.000000000000000  |  Thrust[1]:    0.000000000000000  |  Thrust[2]:   -0.726443946361542
Roll:   -0.009616644121706  |  Pitch:    0.000860455329530  |  Yaw:    0.014839636161923  |  Thrust[0]:    0.000000000000000  |  Thrust[1]:    0.000000000000000  |  Thrust[2]:   -0.724741697311401
Roll:   -0.013497124426067  |  Pitch:    0.003470573108643  |  Yaw:   -0.029197858646512  |  Thrust[0]:    0.000000000000000  |  Thrust[1]:    0.000000000000000  |  Thrust[2]:   -0.724117815494537
Roll:   -0.010944860056043  |  Pitch:   -0.020682120695710  |  Yaw:   -0.059137139469385  |  Thrust[0]:    0.000000000000000  |  Thrust[1]:    0.000000000000000  |  Thrust[2]:   -0.730426847934723
Roll:   -0.014660775661469  |  Pitch:    0.000567855197005  |  Yaw:   -0.064768403768539  |  Thrust[0]:    0.000000000000000  |  Thrust[1]:    0.000000000000000  |  Thrust[2]:   -0.731470882892609
Roll:    0.005571733228862  |  Pitch:   -0.001642341376282  |  Yaw:   -0.027330411598086  |  Thrust[0]:    0.000000000000000  |  Thrust[1]:    0.000000000000000  |  Thrust[2]:   -0.729292392730713
Roll:    0.013729828409851  |  Pitch:   -0.022809712216258  |  Yaw:    0.045947883278131  |  Thrust[0]:    0.000000000000000  |  Thrust[1]:    0.000000000000000  |  Thrust[2]:   -0.728381991386414
Roll:   -0.005251760128886  |  Pitch:   -0.003957472275943  |  Yaw:    0.042359407991171  |  Thrust[0]:    0.000000000000000  |  Thrust[1]:    0.000000000000000  |  Thrust[2]:   -0.732494533061981
Roll:    0.006791871506721  |  Pitch:   -0.016990004107356  |  Yaw:    0.035857204347849  |  Thrust[0]:    0.000000000000000  |  Thrust[1]:    0.000000000000000  |  Thrust[2]:   -0.730465054512024
Roll:    0.010788354091346  |  Pitch:    0.017594214528799  |  Yaw:    0.002568401396275  |  Thrust[0]:    0.000000000000000  |  Thrust[1]:    0.000000000000000  |  Thrust[2]:   -0.729417800903320
Roll:    0.002106131287292  |  Pitch:    0.000937458360568  |  Yaw:    0.063334271311760  |  Thrust[0]:    0.000000000000000  |  Thrust[1]:    0.000000000000000  |  Thrust[2]:   -0.724768817424774
Roll:   -0.003508300520480  |  Pitch:    0.010049535892904  |  Yaw:    0.025733685120940  |  Thrust[0]:    0.000000000000000  |  Thrust[1]:    0.000000000000000  |  Thrust[2]:   -0.726805269718170
Roll:   -0.326510876417160  |  Pitch:    0.293064326047897  |  Yaw:   -1.104297876358032  |  Thrust[0]:    0.000000000000000  |  Thrust[1]:    0.000000000000000  |  Thrust[2]:   -0.721476733684540
Roll:    0.543312132358551  |  Pitch:    0.022211818024516  |  Yaw:   -1.308218479156494  |  Thrust[0]:    0.000000000000000  |  Thrust[1]:    0.000000000000000  |  Thrust[2]:   -0.721392571926117
Roll:   -0.054160062223673  |  Pitch:   -0.020321333780885  |  Yaw:   -0.952236950397491  |  Thrust[0]:    0.000000000000000  |  Thrust[1]:    0.000000000000000  |  Thrust[2]:   -0.728602170944214
Roll:   -0.034912079572678  |  Pitch:   -0.010072614997625  |  Yaw:   -0.461375474929810  |  Thrust[0]:    0.000000000000000  |  Thrust[1]:    0.000000000000000  |  Thrust[2]:   -0.728089928627014
Roll:   -0.116744600236416  |  Pitch:   -0.015318215824664  |  Yaw:    0.611245810985565  |  Thrust[0]:    0.000000000000000  |  Thrust[1]:    0.000000000000000  |  Thrust[2]:   -0.718364357948303
Roll:    0.001657452550717  |  Pitch:   -0.007323872763664  |  Yaw:    0.386686474084854  |  Thrust[0]:    0.000000000000000  |  Thrust[1]:    0.000000000000000  |  Thrust[2]:   -0.727120161056519
Roll:    0.077603317797184  |  Pitch:   -0.017475707456470  |  Yaw:    0.010412652045488  |  Thrust[0]:    0.000000000000000  |  Thrust[1]:    0.000000000000000  |  Thrust[2]:   -0.727513432502747
Roll:    0.015539473854005  |  Pitch:   -0.002007239963859  |  Yaw:   -0.127647772431374  |  Thrust[0]:    0.000000000000000  |  Thrust[1]:    0.000000000000000  |  Thrust[2]:   -0.725072681903839
Roll:   -0.130830347537994  |  Pitch:   -0.016744066029787  |  Yaw:   -0.081342466175556  |  Thrust[0]:    0.000000000000000  |  Thrust[1]:    0.000000000000000  |  Thrust[2]:   -0.730988323688507
Roll:   -0.018867544829845  |  Pitch:    0.002058103214949  |  Yaw:    0.003895833157003  |  Thrust[0]:    0.000000000000000  |  Thrust[1]:    0.000000000000000  |  Thrust[2]:   -0.726017713546753
Roll:    0.014540930278599  |  Pitch:    0.006965040229261  |  Yaw:    0.025667084380984  |  Thrust[0]:    0.000000000000000  |  Thrust[1]:    0.000000000000000  |  Thrust[2]:   -0.726345121860504
Roll:   -0.006318601779640  |  Pitch:   -0.002264795126393  |  Yaw:    0.012469785287976  |  Thrust[0]:    0.000000000000000  |  Thrust[1]:    0.000000000000000  |  Thrust[2]:   -0.728923022747040
Roll:   -0.003787588328123  |  Pitch:   -0.008803978562355  |  Yaw:   -0.004801937378943  |  Thrust[0]:    0.000000000000000  |  Thrust[1]:    0.000000000000000  |  Thrust[2]:   -0.725595593452454
Roll:   -0.030162263661623  |  Pitch:   -0.016003990545869  |  Yaw:   -0.027822934091091  |  Thrust[0]:    0.000000000000000  |  Thrust[1]:    0.000000000000000  |  Thrust[2]:   -0.727723836898804
Roll:    0.000143364217365  |  Pitch:    0.005488308612257  |  Yaw:   -0.016036203131080  |  Thrust[0]:    0.000000000000000  |  Thrust[1]:    0.000000000000000  |  Thrust[2]:   -0.726345539093018
Roll:    0.001779697951861  |  Pitch:    0.013670245185494  |  Yaw:   -0.002297234255821  |  Thrust[0]:    0.000000000000000  |  Thrust[1]:    0.000000000000000  |  Thrust[2]:   -0.729628980159760
Roll:    0.001385953743011  |  Pitch:   -0.000918342615478  |  Yaw:    0.001437815837562  |  Thrust[0]:    0.000000000000000  |  Thrust[1]:    0.000000000000000  |  Thrust[2]:   -0.730954885482788
Roll:   -0.005248321220279  |  Pitch:    0.001284706057049  |  Yaw:    0.003522079437971  |  Thrust[0]:    0.000000000000000  |  Thrust[1]:    0.000000000000000  |  Thrust[2]:   -0.728071451187134
Roll:    0.009402913041413  |  Pitch:   -0.022882247343659  |  Yaw:   -0.004663910251111  |  Thrust[0]:    0.000000000000000  |  Thrust[1]:    0.000000000000000  |  Thrust[2]:   -0.730554580688477
Roll:    0.008711293339729  |  Pitch:   -0.011511477641761  |  Yaw:   -0.004522219300270  |  Thrust[0]:    0.000000000000000  |  Thrust[1]:    0.000000000000000  |  Thrust[2]:   -0.727978646755219
Roll:    0.005511661991477  |  Pitch:   -0.004318596329540  |  Yaw:   -0.001123429392464  |  Thrust[0]:    0.000000000000000  |  Thrust[1]:    0.000000000000000  |  Thrust[2]:   -0.726037919521332
Roll:   -0.014506088569760  |  Pitch:    0.007251788396388  |  Yaw:    0.006062906235456  |  Thrust[0]:    0.000000000000000  |  Thrust[1]:    0.000000000000000  |  Thrust[2]:   -0.724059045314789
Roll:   -0.009036367759109  |  Pitch:   -0.013741350732744  |  Yaw:   -0.007172847166657  |  Thrust[0]:    0.000000000000000  |  Thrust[1]:    0.000000000000000  |  Thrust[2]:   -0.729324579238892
Roll:    0.013078671880066  |  Pitch:   -0.018044341355562  |  Yaw:   -0.008835486136377  |  Thrust[0]:    0.000000000000000  |  Thrust[1]:    0.000000000000000  |  Thrust[2]:   -0.729122996330261
Roll:    0.000276368809864  |  Pitch:    0.007158545311540  |  Yaw:    0.002242440124974  |  Thrust[0]:    0.000000000000000  |  Thrust[1]:    0.000000000000000  |  Thrust[2]:   -0.727254033088684
Roll:    0.000812611135188  |  Pitch:    0.008107107132673  |  Yaw:    0.005587134044617  |  Thrust[0]:    0.000000000000000  |  Thrust[1]:    0.000000000000000  |  Thrust[2]:   -0.733535110950470
Roll:    0.001045793062076  |  Pitch:   -0.014609685167670  |  Yaw:    0.000079985737102  |  Thrust[0]:    0.000000000000000  |  Thrust[1]:    0.000000000000000  |  Thrust[2]:   -0.726230859756470
Roll:    0.004511724691838  |  Pitch:    0.004130019340664  |  Yaw:    0.001640473958105  |  Thrust[0]:    0.000000000000000  |  Thrust[1]:    0.000000000000000  |  Thrust[2]:   -0.733065009117126
Roll:    0.013344602659345  |  Pitch:    0.000900289625861  |  Yaw:    0.006363392807543  |  Thrust[0]:    0.000000000000000  |  Thrust[1]:    0.000000000000000  |  Thrust[2]:   -0.726596474647522
Roll:   -0.003567204345018  |  Pitch:   -0.000225840165513  |  Yaw:    0.006531738676131  |  Thrust[0]:    0.000000000000000  |  Thrust[1]:    0.000000000000000  |  Thrust[2]:   -0.722234308719635
Roll:   -0.016977034509182  |  Pitch:   -0.016274791210890  |  Yaw:   -0.008174656890333  |  Thrust[0]:    0.000000000000000  |  Thrust[1]:    0.000000000000000  |  Thrust[2]:   -0.724286913871765
Roll:    0.003658576635644  |  Pitch:   -0.013532457873225  |  Yaw:   -0.003009106963873  |  Thrust[0]:    0.000000000000000  |  Thrust[1]:    0.000000000000000  |  Thrust[2]:   -0.728458642959595
Roll:    0.010512221604586  |  Pitch:   -0.003842093748972  |  Yaw:   -0.000211923616007  |  Thrust[0]:    0.000000000000000  |  Thrust[1]:    0.000000000000000  |  Thrust[2]:   -0.728408217430115
Roll:    0.021903717890382  |  Pitch:    0.009811108000576  |  Yaw:    0.042597126215696  |  Thrust[0]:    0.000000000000000  |  Thrust[1]:    0.000000000000000  |  Thrust[2]:   -0.726473391056061
Roll:   -0.012181207537651  |  Pitch:    0.006379237864166  |  Yaw:    0.020482225343585  |  Thrust[0]:    0.000000000000000  |  Thrust[1]:    0.000000000000000  |  Thrust[2]:   -0.728084862232208
Roll:    0.004539186134934  |  Pitch:   -0.004409271292388  |  Yaw:   -0.000751504325308  |  Thrust[0]:    0.000000000000000  |  Thrust[1]:    0.000000000000000  |  Thrust[2]:   -0.729073345661163
Roll:   -0.005144396331161  |  Pitch:   -0.019401466473937  |  Yaw:   -0.011696501635015  |  Thrust[0]:    0.000000000000000  |  Thrust[1]:    0.000000000000000  |  Thrust[2]:   -0.730235934257507
Roll:    0.001649710931815  |  Pitch:   -0.014247909188271  |  Yaw:   -0.004841000307351  |  Thrust[0]:    0.000000000000000  |  Thrust[1]:    0.000000000000000  |  Thrust[2]:   -0.728611469268799
Roll:   -0.006633365992457  |  Pitch:   -0.012878455221653  |  Yaw:   -0.000230516947340  |  Thrust[0]:    0.000000000000000  |  Thrust[1]:    0.000000000000000  |  Thrust[2]:   -0.725527107715607
Roll:    0.012702805921435  |  Pitch:    0.010123016312718  |  Yaw:    0.004571366123855  |  Thrust[0]:    0.000000000000000  |  Thrust[1]:    0.000000000000000  |  Thrust[2]:   -0.729181945323944
Roll:   -0.005939807277173  |  Pitch:   -0.011585353873670  |  Yaw:   -0.000298385741189  |  Thrust[0]:    0.000000000000000  |  Thrust[1]:    0.000000000000000  |  Thrust[2]:   -0.729722797870636
Roll:   -0.007676661480218  |  Pitch:   -0.011979030445218  |  Yaw:   -0.008788874372840  |  Thrust[0]:    0.000000000000000  |  Thrust[1]:    0.000000000000000  |  Thrust[2]:   -0.730621933937073
Roll:    0.005305574741215  |  Pitch:    0.011162362061441  |  Yaw:   -0.001999143045396  |  Thrust[0]:    0.000000000000000  |  Thrust[1]:    0.000000000000000  |  Thrust[2]:   -0.728156328201294
Roll:   -0.001825745217502  |  Pitch:   -0.001397197600454  |  Yaw:    0.001530830282718  |  Thrust[0]:    0.000000000000000  |  Thrust[1]:    0.000000000000000  |  Thrust[2]:   -0.729601442813873
Roll:   -0.004200845491141  |  Pitch:    0.012399083934724  |  Yaw:   -0.003699044464156  |  Thrust[0]:    0.000000000000000  |  Thrust[1]:    0.000000000000000  |  Thrust[2]:   -0.727458536624908
Roll:   -0.009904431179166  |  Pitch:   -0.000370594381820  |  Yaw:   -0.012162376195192  |  Thrust[0]:    0.000000000000000  |  Thrust[1]:    0.000000000000000  |  Thrust[2]:   -0.725631654262543
Roll:    0.007767689414322  |  Pitch:   -0.005256006959826  |  Yaw:   -0.003507645335048  |  Thrust[0]:    0.000000000000000  |  Thrust[1]:    0.000000000000000  |  Thrust[2]:   -0.734503865242004
Roll:   -0.006406363565475  |  Pitch:   -0.016744479537010  |  Yaw:    0.008267324417830  |  Thrust[0]:    0.000000000000000  |  Thrust[1]:    0.000000000000000  |  Thrust[2]:   -0.728500962257385
Roll:    0.003068666206673  |  Pitch:   -0.009473913349211  |  Yaw:    0.001693033962511  |  Thrust[0]:    0.000000000000000  |  Thrust[1]:    0.000000000000000  |  Thrust[2]:   -0.726963460445404
Roll:    0.007487030234188  |  Pitch:    0.007080626208335  |  Yaw:    0.007261943537742  |  Thrust[0]:    0.000000000000000  |  Thrust[1]:    0.000000000000000  |  Thrust[2]:   -0.729684889316559
Roll:    0.020565893501043  |  Pitch:    0.000965832383372  |  Yaw:    0.013491535559297  |  Thrust[0]:    0.000000000000000  |  Thrust[1]:    0.000000000000000  |  Thrust[2]:   -0.726590812206268
Roll:   -0.005167034920305  |  Pitch:   -0.001610217732377  |  Yaw:    0.012133637443185  |  Thrust[0]:    0.000000000000000  |  Thrust[1]:    0.000000000000000  |  Thrust[2]:   -0.726513087749481
Roll:   -0.021771287545562  |  Pitch:   -0.007446890231222  |  Yaw:   -0.011392001993954  |  Thrust[0]:    0.000000000000000  |  Thrust[1]:    0.000000000000000  |  Thrust[2]:   -0.726709187030792
Roll:    0.006590343546122  |  Pitch:   -0.008341627195477  |  Yaw:   -0.008049622178078  |  Thrust[0]:    0.000000000000000  |  Thrust[1]:    0.000000000000000  |  Thrust[2]:   -0.729712903499603
Roll:    0.000195585103938  |  Pitch:   -0.003513608127832  |  Yaw:    0.001173971453682  |  Thrust[0]:    0.000000000000000  |  Thrust[1]:    0.000000000000000  |  Thrust[2]:   -0.728782773017883
Roll:   -0.011153806000948  |  Pitch:   -0.009179880842566  |  Yaw:   -0.001846447587013  |  Thrust[0]:    0.000000000000000  |  Thrust[1]:    0.000000000000000  |  Thrust[2]:   -0.729109644889832
Roll:    0.006781112402678  |  Pitch:   -0.010643982328475  |  Yaw:   -0.005550683010370  |  Thrust[0]:    0.000000000000000  |  Thrust[1]:    0.000000000000000  |  Thrust[2]:   -0.729568064212799
Roll:   -0.012054913677275  |  Pitch:    0.009589847177267  |  Yaw:   -0.003797180950642  |  Thrust[0]:    0.000000000000000  |  Thrust[1]:    0.000000000000000  |  Thrust[2]:   -0.727883398532867
Roll:    0.006510122213513  |  Pitch:    0.000691171386279  |  Yaw:   -0.011134786531329  |  Thrust[0]:    0.000000000000000  |  Thrust[1]:    0.000000000000000  |  Thrust[2]:   -0.730464398860931
Roll:    0.014808352105319  |  Pitch:   -0.007557214703411  |  Yaw:   -0.028442135080695  |  Thrust[0]:    0.000000000000000  |  Thrust[1]:    0.000000000000000  |  Thrust[2]:   -0.729031980037689
Roll:   -0.023489262908697  |  Pitch:    0.016765149310231  |  Yaw:   -0.007594224065542  |  Thrust[0]:    0.000000000000000  |  Thrust[1]:    0.000000000000000  |  Thrust[2]:   -0.725301742553711
Roll:   -0.011766658164561  |  Pitch:   -0.003205081215128  |  Yaw:   -0.003029312472790  |  Thrust[0]:    0.000000000000000  |  Thrust[1]:    0.000000000000000  |  Thrust[2]:   -0.730340540409088
Roll:    0.034132193773985  |  Pitch:   -0.027557987719774  |  Yaw:    0.013611949980259  |  Thrust[0]:    0.000000000000000  |  Thrust[1]:    0.000000000000000  |  Thrust[2]:   -0.726054787635803
Roll:    0.005400721915066  |  Pitch:   -0.007396707311273  |  Yaw:    0.015034899115562  |  Thrust[0]:    0.000000000000000  |  Thrust[1]:    0.000000000000000  |  Thrust[2]:   -0.723583698272705
Roll:    0.001665904885158  |  Pitch:   -0.005955756176263  |  Yaw:    0.007330811582506  |  Thrust[0]:    0.000000000000000  |  Thrust[1]:    0.000000000000000  |  Thrust[2]:   -0.730260014533997
Roll:   -0.008610433898866  |  Pitch:   -0.008295062929392  |  Yaw:   -0.008459218777716  |  Thrust[0]:    0.000000000000000  |  Thrust[1]:    0.000000000000000  |  Thrust[2]:   -0.729046404361725
Roll:   -0.001004353747703  |  Pitch:    0.005756579805166  |  Yaw:   -0.006651533767581  |  Thrust[0]:    0.000000000000000  |  Thrust[1]:    0.000000000000000  |  Thrust[2]:   -0.727434754371643
Roll:    0.002184432232752  |  Pitch:    0.003684680210426  |  Yaw:    0.006992162205279  |  Thrust[0]:    0.000000000000000  |  Thrust[1]:    0.000000000000000  |  Thrust[2]:   -0.723786294460297
Roll:   -0.001276265014894  |  Pitch:   -0.013955791480839  |  Yaw:   -0.004903525114059  |  Thrust[0]:    0.000000000000000  |  Thrust[1]:    0.000000000000000  |  Thrust[2]:   -0.727240920066833
Roll:   -0.009538769721985  |  Pitch:   -0.013056866824627  |  Yaw:   -0.007276242598891  |  Thrust[0]:    0.000000000000000  |  Thrust[1]:    0.000000000000000  |  Thrust[2]:   -0.729959130287170
Roll:    0.000141200405778  |  Pitch:   -0.013174895197153  |  Yaw:   -0.006792379543185  |  Thrust[0]:    0.000000000000000  |  Thrust[1]:    0.000000000000000  |  Thrust[2]:   -0.730811595916748
Roll:   -0.014616615138948  |  Pitch:    0.009818485938013  |  Yaw:   -0.008924055844545  |  Thrust[0]:    0.000000000000000  |  Thrust[1]:    0.000000000000000  |  Thrust[2]:   -0.727412521839142
Roll:   -0.014621209353209  |  Pitch:   -0.007098939269781  |  Yaw:   -0.008369284681976  |  Thrust[0]:    0.000000000000000  |  Thrust[1]:    0.000000000000000  |  Thrust[2]:   -0.732074558734894
Roll:    0.015413613989949  |  Pitch:    0.015057133510709  |  Yaw:    0.006346212700009  |  Thrust[0]:    0.000000000000000  |  Thrust[1]:    0.000000000000000  |  Thrust[2]:   -0.730284631252289
Roll:   -0.001818251213990  |  Pitch:    0.003691703313962  |  Yaw:    0.006818539462984  |  Thrust[0]:    0.000000000000000  |  Thrust[1]:    0.000000000000000  |  Thrust[2]:   -0.732615351676941
Roll:    0.005445272196084  |  Pitch:    0.003271854249761  |  Yaw:    0.004229805432260  |  Thrust[0]:    0.000000000000000  |  Thrust[1]:    0.000000000000000  |  Thrust[2]:   -0.728704690933228
Roll:    0.007699791807681  |  Pitch:   -0.026370909065008  |  Yaw:    0.016330402344465  |  Thrust[0]:    0.000000000000000  |  Thrust[1]:    0.000000000000000  |  Thrust[2]:   -0.725539743900299
Roll:    0.002844724571332  |  Pitch:   -0.014632794074714  |  Yaw:    0.011880084872246  |  Thrust[0]:    0.000000000000000  |  Thrust[1]:    0.000000000000000  |  Thrust[2]:   -0.728094041347504
Roll:   -0.007514785975218  |  Pitch:    0.009104615077376  |  Yaw:   -0.000948356464505  |  Thrust[0]:    0.000000000000000  |  Thrust[1]:    0.000000000000000  |  Thrust[2]:   -0.727863192558289
Roll:   -0.002413272159174  |  Pitch:   -0.000876323727425  |  Yaw:   -0.002266964642331  |  Thrust[0]:    0.000000000000000  |  Thrust[1]:    0.000000000000000  |  Thrust[2]:   -0.726290881633759
Roll:   -0.004012598190457  |  Pitch:   -0.000145236292155  |  Yaw:   -0.013643449172378  |  Thrust[0]:    0.000000000000000  |  Thrust[1]:    0.000000000000000  |  Thrust[2]:   -0.730882167816162
Roll:   -0.002703612670302  |  Pitch:   -0.010576033033431  |  Yaw:   -0.003288381733000  |  Thrust[0]:    0.000000000000000  |  Thrust[1]:    0.000000000000000  |  Thrust[2]:   -0.732837975025177
Roll:   -0.005937383975834  |  Pitch:    0.004529454745352  |  Yaw:   -0.002123910002410  |  Thrust[0]:    0.000000000000000  |  Thrust[1]:    0.000000000000000  |  Thrust[2]:   -0.730551958084106
Roll:   -0.002722721314058  |  Pitch:    0.008009352721274  |  Yaw:    0.004842466674745  |  Thrust[0]:    0.000000000000000  |  Thrust[1]:    0.000000000000000  |  Thrust[2]:   -0.728273510932922
Roll:   -0.003737847320735  |  Pitch:   -0.007122484035790  |  Yaw:   -0.001947818323970  |  Thrust[0]:    0.000000000000000  |  Thrust[1]:    0.000000000000000  |  Thrust[2]:   -0.727711558341980
Roll:    0.009164537303150  |  Pitch:    0.006855720188469  |  Yaw:    0.001967734191567  |  Thrust[0]:    0.000000000000000  |  Thrust[1]:    0.000000000000000  |  Thrust[2]:   -0.723880648612976
Roll:   -0.006720785982907  |  Pitch:   -0.004635657183826  |  Yaw:    0.003909808583558  |  Thrust[0]:    0.000000000000000  |  Thrust[1]:    0.000000000000000  |  Thrust[2]:   -0.730110764503479
Roll:    0.012663758359849  |  Pitch:   -0.001638265210204  |  Yaw:    0.000105988408905  |  Thrust[0]:    0.000000000000000  |  Thrust[1]:    0.000000000000000  |  Thrust[2]:   -0.730639100074768
Roll:   -0.001525295549072  |  Pitch:   -0.006538658868521  |  Yaw:    0.006646831985563  |  Thrust[0]:    0.000000000000000  |  Thrust[1]:    0.000000000000000  |  Thrust[2]:   -0.724201440811157
Roll:    0.005478306673467  |  Pitch:   -0.005315784830600  |  Yaw:   -0.005804767366499  |  Thrust[0]:    0.000000000000000  |  Thrust[1]:    0.000000000000000  |  Thrust[2]:   -0.731249034404755
Roll:    0.011935934424400  |  Pitch:   -0.009437289088964  |  Yaw:    0.025413602590561  |  Thrust[0]:    0.000000000000000  |  Thrust[1]:    0.000000000000000  |  Thrust[2]:   -0.732648611068726
Roll:   -0.010443516075611  |  Pitch:   -0.003855001879856  |  Yaw:    0.011296764016151  |  Thrust[0]:    0.000000000000000  |  Thrust[1]:    0.000000000000000  |  Thrust[2]:   -0.725943028926849
Roll:   -0.011283710598946  |  Pitch:   -0.007378046400845  |  Yaw:   -0.034545917063951  |  Thrust[0]:    0.000000000000000  |  Thrust[1]:    0.000000000000000  |  Thrust[2]:   -0.723329126834869
Roll:    0.000769430189393  |  Pitch:   -0.007038818672299  |  Yaw:   -0.005955349653959  |  Thrust[0]:    0.000000000000000  |  Thrust[1]:    0.000000000000000  |  Thrust[2]:   -0.726084530353546
Roll:    0.004983656574041  |  Pitch:    0.014745958149433  |  Yaw:    0.005531543865800  |  Thrust[0]:    0.000000000000000  |  Thrust[1]:    0.000000000000000  |  Thrust[2]:   -0.727812588214874
Roll:   -0.004839683882892  |  Pitch:   -0.010439038276672  |  Yaw:   -0.000339329009876  |  Thrust[0]:    0.000000000000000  |  Thrust[1]:    0.000000000000000  |  Thrust[2]:   -0.726620554924011
Roll:   -0.000360158650437  |  Pitch:   -0.011289139278233  |  Yaw:    0.012886579148471  |  Thrust[0]:    0.000000000000000  |  Thrust[1]:    0.000000000000000  |  Thrust[2]:   -0.729916512966156
Roll:   -0.008956138975918  |  Pitch:   -0.005746427923441  |  Yaw:   -0.007471784017980  |  Thrust[0]:    0.000000000000000  |  Thrust[1]:    0.000000000000000  |  Thrust[2]:   -0.729107797145844
Roll:   -0.006236428860575  |  Pitch:   -0.003106839722022  |  Yaw:   -0.002658623969182  |  Thrust[0]:    0.000000000000000  |  Thrust[1]:    0.000000000000000  |  Thrust[2]:   -0.729725122451782
Roll:   -0.003005823120475  |  Pitch:   -0.012953151948750  |  Yaw:   -0.011189760640264  |  Thrust[0]:    0.000000000000000  |  Thrust[1]:    0.000000000000000  |  Thrust[2]:   -0.731670439243317
Roll:    0.006848215125501  |  Pitch:   -0.010136857628822  |  Yaw:   -0.000151859654579  |  Thrust[0]:    0.000000000000000  |  Thrust[1]:    0.000000000000000  |  Thrust[2]:   -0.730896949768066
Roll:    0.006034727673978  |  Pitch:   -0.006783385295421  |  Yaw:    0.022770745679736  |  Thrust[0]:    0.000000000000000  |  Thrust[1]:    0.000000000000000  |  Thrust[2]:   -0.724144160747528
Roll:    0.004524040967226  |  Pitch:    0.002049969509244  |  Yaw:    0.033872880041599  |  Thrust[0]:    0.000000000000000  |  Thrust[1]:    0.000000000000000  |  Thrust[2]:   -0.723541736602783
Roll:   -0.011950498446822  |  Pitch:    0.007373621687293  |  Yaw:    0.007508547976613  |  Thrust[0]:    0.000000000000000  |  Thrust[1]:    0.000000000000000  |  Thrust[2]:   -0.727131962776184
Roll:    0.006774927489460  |  Pitch:   -0.008694607764482  |  Yaw:   -0.007048860192299  |  Thrust[0]:    0.000000000000000  |  Thrust[1]:    0.000000000000000  |  Thrust[2]:   -0.726445734500885
Roll:   -0.004301438573748  |  Pitch:   -0.004187512211502  |  Yaw:   -0.025357022881508  |  Thrust[0]:    0.000000000000000  |  Thrust[1]:    0.000000000000000  |  Thrust[2]:   -0.733321130275726
Roll:   -0.014853163622320  |  Pitch:    0.005083605181426  |  Yaw:   -0.015418193303049  |  Thrust[0]:    0.000000000000000  |  Thrust[1]:    0.000000000000000  |  Thrust[2]:   -0.733545243740082
Roll:   -0.000097901036497  |  Pitch:    0.003806814085692  |  Yaw:   -0.063303329050541  |  Thrust[0]:    0.000000000000000  |  Thrust[1]:    0.000000000000000  |  Thrust[2]:   -0.729635715484619
Roll:    0.001437850063667  |  Pitch:    0.000642469967715  |  Yaw:    0.018868079409003  |  Thrust[0]:    0.000000000000000  |  Thrust[1]:    0.000000000000000  |  Thrust[2]:   -0.726504445075989
Roll:   -0.206355541944504  |  Pitch:    0.370384544134140  |  Yaw:   -1.131331205368042  |  Thrust[0]:    0.000000000000000  |  Thrust[1]:    0.000000000000000  |  Thrust[2]:   -0.721760451793671
Roll:    0.534011125564575  |  Pitch:   -0.157031789422035  |  Yaw:   -1.242091774940491  |  Thrust[0]:    0.000000000000000  |  Thrust[1]:    0.000000000000000  |  Thrust[2]:   -0.721368491649628
Roll:   -0.076764523983002  |  Pitch:   -0.000643117353320  |  Yaw:   -0.888834059238434  |  Thrust[0]:    0.000000000000000  |  Thrust[1]:    0.000000000000000  |  Thrust[2]:   -0.730010867118835
Roll:   -0.035815648734570  |  Pitch:   -0.016059072688222  |  Yaw:   -0.708144903182983  |  Thrust[0]:    0.000000000000000  |  Thrust[1]:    0.000000000000000  |  Thrust[2]:   -0.727433145046234
Roll:   -0.021601859480143  |  Pitch:   -0.008538533933461  |  Yaw:    0.204156100749969  |  Thrust[0]:    0.000000000000000  |  Thrust[1]:    0.000000000000000  |  Thrust[2]:   -0.718913912773132
Roll:   -0.075570039451122  |  Pitch:   -0.002063720719889  |  Yaw:    0.544274687767029  |  Thrust[0]:    0.000000000000000  |  Thrust[1]:    0.000000000000000  |  Thrust[2]:   -0.719845473766327
Roll:    0.024764191359282  |  Pitch:    0.007374861277640  |  Yaw:    0.168957665562630  |  Thrust[0]:    0.000000000000000  |  Thrust[1]:    0.000000000000000  |  Thrust[2]:   -0.731788039207458
Roll:   -0.285510390996933  |  Pitch:   -0.033696603029966  |  Yaw:   -0.085921868681908  |  Thrust[0]:    0.000000000000000  |  Thrust[1]:    0.000000000000000  |  Thrust[2]:   -0.729602277278900
Roll:    0.039553523063660  |  Pitch:   -0.020825203508139  |  Yaw:   -0.103403314948082  |  Thrust[0]:    0.000000000000000  |  Thrust[1]:    0.000000000000000  |  Thrust[2]:   -0.726751923561096
Roll:    0.004489107057452  |  Pitch:    0.004528809338808  |  Yaw:   -0.028979834169149  |  Thrust[0]:    0.000000000000000  |  Thrust[1]:    0.000000000000000  |  Thrust[2]:   -0.728736102581024
Roll:   -0.015408966690302  |  Pitch:   -0.014826743863523  |  Yaw:    0.011239835061133  |  Thrust[0]:    0.000000000000000  |  Thrust[1]:    0.000000000000000  |  Thrust[2]:   -0.725698292255402
Roll:   -0.003624445525929  |  Pitch:   -0.004940960090607  |  Yaw:    0.013011175207794  |  Thrust[0]:    0.000000000000000  |  Thrust[1]:    0.000000000000000  |  Thrust[2]:   -0.726786077022552
Roll:    0.001306150457822  |  Pitch:    0.008542539551854  |  Yaw:   -0.005885548889637  |  Thrust[0]:    0.000000000000000  |  Thrust[1]:    0.000000000000000  |  Thrust[2]:   -0.729206740856171
Roll:   -0.009400064125657  |  Pitch:    0.000766503042541  |  Yaw:   -0.012151638977230  |  Thrust[0]:    0.000000000000000  |  Thrust[1]:    0.000000000000000  |  Thrust[2]:   -0.726685523986816
Roll:    0.002123865298927  |  Pitch:    0.008675690740347  |  Yaw:   -0.001129588345066  |  Thrust[0]:    0.000000000000000  |  Thrust[1]:    0.000000000000000  |  Thrust[2]:   -0.730802237987518
Roll:    0.022629084065557  |  Pitch:   -0.032208964228630  |  Yaw:    0.006435414310545  |  Thrust[0]:    0.000000000000000  |  Thrust[1]:    0.000000000000000  |  Thrust[2]:   -0.730942785739899
Roll:    0.004987735766917  |  Pitch:   -0.020965453237295  |  Yaw:    0.007949128746986  |  Thrust[0]:    0.000000000000000  |  Thrust[1]:    0.000000000000000  |  Thrust[2]:   -0.729338467121124
Roll:    0.014379481784999  |  Pitch:    0.004342661239207  |  Yaw:   -0.003776797559112  |  Thrust[0]:    0.000000000000000  |  Thrust[1]:    0.000000000000000  |  Thrust[2]:   -0.728814721107483
Roll:   -0.006599768996239  |  Pitch:    0.010078148916364  |  Yaw:   -0.006328661926091  |  Thrust[0]:    0.000000000000000  |  Thrust[1]:    0.000000000000000  |  Thrust[2]:   -0.727303206920624
Roll:   -0.008957353420556  |  Pitch:   -0.011553601361811  |  Yaw:   -0.007626681588590  |  Thrust[0]:    0.000000000000000  |  Thrust[1]:    0.000000000000000  |  Thrust[2]:   -0.729405999183655
Roll:    0.003242052625865  |  Pitch:   -0.019543344154954  |  Yaw:   -0.012773115187883  |  Thrust[0]:    0.000000000000000  |  Thrust[1]:    0.000000000000000  |  Thrust[2]:   -0.729507982730865
Roll:   -0.013938711956143  |  Pitch:   -0.013391018845141  |  Yaw:   -0.015616398304701  |  Thrust[0]:    0.000000000000000  |  Thrust[1]:    0.000000000000000  |  Thrust[2]:   -0.731270909309387
Roll:   -0.019052946940064  |  Pitch:    0.037757195532322  |  Yaw:    0.000426785554737  |  Thrust[0]:    0.000000000000000  |  Thrust[1]:    0.000000000000000  |  Thrust[2]:   -0.728985488414764
Roll:   -0.000503877294250  |  Pitch:    0.000026546593290  |  Yaw:   -0.005364200100303  |  Thrust[0]:    0.000000000000000  |  Thrust[1]:    0.000000000000000  |  Thrust[2]:   -0.728831470012665
Roll:   -0.002901908010244  |  Pitch:   -0.013489431701601  |  Yaw:   -0.007769883610308  |  Thrust[0]:    0.000000000000000  |  Thrust[1]:    0.000000000000000  |  Thrust[2]:   -0.725484967231750
Roll:    0.025016980245709  |  Pitch:   -0.013896998949349  |  Yaw:    0.006245309486985  |  Thrust[0]:    0.000000000000000  |  Thrust[1]:    0.000000000000000  |  Thrust[2]:   -0.725946724414825
Roll:    0.006402214057744  |  Pitch:   -0.006794210057706  |  Yaw:    0.009761060588062  |  Thrust[0]:    0.000000000000000  |  Thrust[1]:    0.000000000000000  |  Thrust[2]:   -0.725944459438324
Roll:    0.007565007545054  |  Pitch:    0.008936475962400  |  Yaw:    0.006934144534171  |  Thrust[0]:    0.000000000000000  |  Thrust[1]:    0.000000000000000  |  Thrust[2]:   -0.727997362613678
Roll:    0.019096449017525  |  Pitch:    0.002200437011197  |  Yaw:    0.010916643776000  |  Thrust[0]:    0.000000000000000  |  Thrust[1]:    0.000000000000000  |  Thrust[2]:   -0.728927314281464
Roll:   -0.007882264442742  |  Pitch:   -0.018509440124035  |  Yaw:   -0.003676514839754  |  Thrust[0]:    0.000000000000000  |  Thrust[1]:    0.000000000000000  |  Thrust[2]:   -0.727464437484741
Roll:   -0.008673866279423  |  Pitch:    0.004708757158369  |  Yaw:   -0.003718338441104  |  Thrust[0]:    0.000000000000000  |  Thrust[1]:    0.000000000000000  |  Thrust[2]:   -0.726992309093475
Roll:    0.004672194831073  |  Pitch:    0.002897500758991  |  Yaw:   -0.000593284610659  |  Thrust[0]:    0.000000000000000  |  Thrust[1]:    0.000000000000000  |  Thrust[2]:   -0.729352951049805
Roll:    0.004738544579595  |  Pitch:    0.000184266813449  |  Yaw:    0.001303273951635  |  Thrust[0]:    0.000000000000000  |  Thrust[1]:    0.000000000000000  |  Thrust[2]:   -0.731915354728699
Roll:   -0.014882999472320  |  Pitch:   -0.014321101829410  |  Yaw:   -0.006508813705295  |  Thrust[0]:    0.000000000000000  |  Thrust[1]:    0.000000000000000  |  Thrust[2]:   -0.728312134742737
Roll:   -0.019270731136203  |  Pitch:   -0.023041855543852  |  Yaw:   -0.021389231085777  |  Thrust[0]:    0.000000000000000  |  Thrust[1]:    0.000000000000000  |  Thrust[2]:   -0.729047894477844
Roll:    0.010848785750568  |  Pitch:    0.004632265307009  |  Yaw:   -0.008988367393613  |  Thrust[0]:    0.000000000000000  |  Thrust[1]:    0.000000000000000  |  Thrust[2]:   -0.729434490203857
Roll:    0.011734433472157  |  Pitch:   -0.004667719826102  |  Yaw:    0.014350067824125  |  Thrust[0]:    0.000000000000000  |  Thrust[1]:    0.000000000000000  |  Thrust[2]:   -0.727821469306946
Roll:    0.010152362287045  |  Pitch:   -0.007549286819994  |  Yaw:    0.017962604761124  |  Thrust[0]:    0.000000000000000  |  Thrust[1]:    0.000000000000000  |  Thrust[2]:   -0.726489961147308
Roll:    0.018549520522356  |  Pitch:   -0.005649398081005  |  Yaw:    0.011757028289139  |  Thrust[0]:    0.000000000000000  |  Thrust[1]:    0.000000000000000  |  Thrust[2]:   -0.727810442447662
Roll:   -0.015105337835848  |  Pitch:    0.015118807554245  |  Yaw:   -0.006643279455602  |  Thrust[0]:    0.000000000000000  |  Thrust[1]:    0.000000000000000  |  Thrust[2]:   -0.730269730091095
Roll:   -0.009740842506289  |  Pitch:    0.009858702309430  |  Yaw:   -0.016271673142910  |  Thrust[0]:    0.000000000000000  |  Thrust[1]:    0.000000000000000  |  Thrust[2]:   -0.728551685810089
Roll:   -0.007141170091927  |  Pitch:   -0.003356094472110  |  Yaw:   -0.019972048699856  |  Thrust[0]:    0.000000000000000  |  Thrust[1]:    0.000000000000000  |  Thrust[2]:   -0.723719775676727
Roll:    0.008451161906123  |  Pitch:   -0.006867722608149  |  Yaw:    0.000785412499681  |  Thrust[0]:    0.000000000000000  |  Thrust[1]:    0.000000000000000  |  Thrust[2]:   -0.726608157157898
Roll:    0.013809265568852  |  Pitch:   -0.015281312167645  |  Yaw:    0.025588613003492  |  Thrust[0]:    0.000000000000000  |  Thrust[1]:    0.000000000000000  |  Thrust[2]:   -0.729025423526764
Roll:   -0.004567057825625  |  Pitch:   -0.002107732929289  |  Yaw:    0.020726092159748  |  Thrust[0]:    0.000000000000000  |  Thrust[1]:    0.000000000000000  |  Thrust[2]:   -0.728531539440155
Roll:   -0.022408362478018  |  Pitch:   -0.011894115246832  |  Yaw:   -0.016384562477469  |  Thrust[0]:    0.000000000000000  |  Thrust[1]:    0.000000000000000  |  Thrust[2]:   -0.731405079364777
Roll:    0.002538069384173  |  Pitch:   -0.004138098563999  |  Yaw:   -0.014794631861150  |  Thrust[0]:    0.000000000000000  |  Thrust[1]:    0.000000000000000  |  Thrust[2]:   -0.726524710655212
Roll:   -0.005253146402538  |  Pitch:    0.009487424977124  |  Yaw:    0.001831949106418  |  Thrust[0]:    0.000000000000000  |  Thrust[1]:    0.000000000000000  |  Thrust[2]:   -0.725515246391296
Roll:    0.012215318158269  |  Pitch:    0.016495130956173  |  Yaw:    0.015661051496863  |  Thrust[0]:    0.000000000000000  |  Thrust[1]:    0.000000000000000  |  Thrust[2]:   -0.730424702167511
Roll:   -0.001036153174937  |  Pitch:    0.007286347448826  |  Yaw:    0.016265086829662  |  Thrust[0]:    0.000000000000000  |  Thrust[1]:    0.000000000000000  |  Thrust[2]:   -0.727741360664368
Roll:   -0.000012540574062  |  Pitch:   -0.014482988975942  |  Yaw:   -0.002385386265814  |  Thrust[0]:    0.000000000000000  |  Thrust[1]:    0.000000000000000  |  Thrust[2]:   -0.730924427509308
Roll:   -0.016739789396524  |  Pitch:   -0.017270239070058  |  Yaw:   -0.010020580142736  |  Thrust[0]:    0.000000000000000  |  Thrust[1]:    0.000000000000000  |  Thrust[2]:   -0.728619456291199
Roll:    0.001037889509462  |  Pitch:   -0.017996333539486  |  Yaw:   -0.012360010296106  |  Thrust[0]:    0.000000000000000  |  Thrust[1]:    0.000000000000000  |  Thrust[2]:   -0.726610422134399
Roll:    0.007061696611345  |  Pitch:   -0.003983704838902  |  Yaw:    0.009064717218280  |  Thrust[0]:    0.000000000000000  |  Thrust[1]:    0.000000000000000  |  Thrust[2]:   -0.725835740566254
Roll:    0.014216847717762  |  Pitch:   -0.000255681283306  |  Yaw:    0.019113698974252  |  Thrust[0]:    0.000000000000000  |  Thrust[1]:    0.000000000000000  |  Thrust[2]:   -0.730686843395233
Roll:   -0.000078814315202  |  Pitch:    0.008281383663416  |  Yaw:    0.011574212461710  |  Thrust[0]:    0.000000000000000  |  Thrust[1]:    0.000000000000000  |  Thrust[2]:   -0.725496232509613
Roll:   -0.012305000796914  |  Pitch:    0.003644890617579  |  Yaw:   -0.018069906160235  |  Thrust[0]:    0.000000000000000  |  Thrust[1]:    0.000000000000000  |  Thrust[2]:   -0.727154135704041
Roll:   -0.010265895165503  |  Pitch:   -0.015741011127830  |  Yaw:   -0.020804135128856  |  Thrust[0]:    0.000000000000000  |  Thrust[1]:    0.000000000000000  |  Thrust[2]:   -0.731245994567871
Roll:   -0.016070291399956  |  Pitch:   -0.004487694706768  |  Yaw:   -0.021675897762179  |  Thrust[0]:    0.000000000000000  |  Thrust[1]:    0.000000000000000  |  Thrust[2]:   -0.728657126426697
Roll:    0.013098550960422  |  Pitch:   -0.012466399930418  |  Yaw:   -0.004920844919980  |  Thrust[0]:    0.000000000000000  |  Thrust[1]:    0.000000000000000  |  Thrust[2]:   -0.728318333625793
Roll:   -0.010027790442109  |  Pitch:    0.000181885421625  |  Yaw:    0.002072998322546  |  Thrust[0]:    0.000000000000000  |  Thrust[1]:    0.000000000000000  |  Thrust[2]:   -0.726056694984436
Roll:    0.007613844238222  |  Pitch:    0.008522999472916  |  Yaw:    0.012713639996946  |  Thrust[0]:    0.000000000000000  |  Thrust[1]:    0.000000000000000  |  Thrust[2]:   -0.728289723396301
Roll:    0.010389260947704  |  Pitch:   -0.013545944355428  |  Yaw:    0.021320309489965  |  Thrust[0]:    0.000000000000000  |  Thrust[1]:    0.000000000000000  |  Thrust[2]:   -0.733479678630829
Roll:   -0.004040934145451  |  Pitch:   -0.010082946158946  |  Yaw:    0.005341058596969  |  Thrust[0]:    0.000000000000000  |  Thrust[1]:    0.000000000000000  |  Thrust[2]:   -0.730651438236237
Roll:   -0.007531074807048  |  Pitch:    0.000781026319601  |  Yaw:    0.002636943943799  |  Thrust[0]:    0.000000000000000  |  Thrust[1]:    0.000000000000000  |  Thrust[2]:   -0.728100121021271
Roll:   -0.008791536092758  |  Pitch:   -0.007984280586243  |  Yaw:   -0.025519721210003  |  Thrust[0]:    0.000000000000000  |  Thrust[1]:    0.000000000000000  |  Thrust[2]:   -0.728805124759674
Roll:    0.002036353107542  |  Pitch:   -0.003603382734582  |  Yaw:   -0.017832862213254  |  Thrust[0]:    0.000000000000000  |  Thrust[1]:    0.000000000000000  |  Thrust[2]:   -0.728375196456909
Roll:    0.012874620966613  |  Pitch:   -0.010790611617267  |  Yaw:   -0.019648112356663  |  Thrust[0]:    0.000000000000000  |  Thrust[1]:    0.000000000000000  |  Thrust[2]:   -0.723408758640289
Roll:   -0.003598214127123  |  Pitch:    0.025011364370584  |  Yaw:    0.014394652098417  |  Thrust[0]:    0.000000000000000  |  Thrust[1]:    0.000000000000000  |  Thrust[2]:   -0.731532514095306
Roll:    0.005417874548584  |  Pitch:   -0.005370596889406  |  Yaw:    0.022196279838681  |  Thrust[0]:    0.000000000000000  |  Thrust[1]:    0.000000000000000  |  Thrust[2]:   -0.730556905269623
Roll:   -0.003366252174601  |  Pitch:    0.029936026781797  |  Yaw:    0.030068157240748  |  Thrust[0]:    0.000000000000000  |  Thrust[1]:    0.000000000000000  |  Thrust[2]:   -0.728334963321686
Roll:   -0.013143260031939  |  Pitch:    0.013734958134592  |  Yaw:   -0.028088817372918  |  Thrust[0]:    0.000000000000000  |  Thrust[1]:    0.000000000000000  |  Thrust[2]:   -0.727469921112061
Roll:   -0.002641686704010  |  Pitch:   -0.006303362548351  |  Yaw:   -0.043349888175726  |  Thrust[0]:    0.000000000000000  |  Thrust[1]:    0.000000000000000  |  Thrust[2]:   -0.728143334388733
Roll:   -0.005090403370559  |  Pitch:   -0.034002318978310  |  Yaw:   -0.024138133972883  |  Thrust[0]:    0.000000000000000  |  Thrust[1]:    0.000000000000000  |  Thrust[2]:   -0.728314757347107
Roll:    0.002268236363307  |  Pitch:   -0.034476827830076  |  Yaw:   -0.018398568034172  |  Thrust[0]:    0.000000000000000  |  Thrust[1]:    0.000000000000000  |  Thrust[2]:   -0.725168645381927
Roll:    0.010151642374694  |  Pitch:   -0.012948626652360  |  Yaw:   -0.001535397954285  |  Thrust[0]:    0.000000000000000  |  Thrust[1]:    0.000000000000000  |  Thrust[2]:   -0.728221774101257
Roll:    0.007312543690205  |  Pitch:    0.007816233672202  |  Yaw:    0.030444713309407  |  Thrust[0]:    0.000000000000000  |  Thrust[1]:    0.000000000000000  |  Thrust[2]:   -0.731516599655151
Roll:   -0.000982972094789  |  Pitch:   -0.001722285524011  |  Yaw:    0.016421724110842  |  Thrust[0]:    0.000000000000000  |  Thrust[1]:    0.000000000000000  |  Thrust[2]:   -0.731223165988922
Roll:   -0.381941288709641  |  Pitch:    0.271008461713791  |  Yaw:   -0.752913177013397  |  Thrust[0]:    0.000000000000000  |  Thrust[1]:    0.000000000000000  |  Thrust[2]:   -0.728025376796722
Roll:    0.564264059066772  |  Pitch:   -0.008488051593304  |  Yaw:   -1.321480751037598  |  Thrust[0]:    0.000000000000000  |  Thrust[1]:    0.000000000000000  |  Thrust[2]:   -0.714808702468872
Roll:   -0.082786954939365  |  Pitch:   -0.016135197132826  |  Yaw:   -1.046456098556519  |  Thrust[0]:    0.000000000000000  |  Thrust[1]:    0.000000000000000  |  Thrust[2]:   -0.725122332572937
Roll:   -0.047900568693876  |  Pitch:   -0.006406261119992  |  Yaw:   -0.729182600975037  |  Thrust[0]:    0.000000000000000  |  Thrust[1]:    0.000000000000000  |  Thrust[2]:   -0.727528393268585
Roll:   -0.062457583844662  |  Pitch:    0.007498098537326  |  Yaw:    0.153507679700851  |  Thrust[0]:    0.000000000000000  |  Thrust[1]:    0.000000000000000  |  Thrust[2]:   -0.728564321994781
Roll:   -0.061489105224609  |  Pitch:   -0.025682309642434  |  Yaw:    0.561287343502045  |  Thrust[0]:    0.000000000000000  |  Thrust[1]:    0.000000000000000  |  Thrust[2]:   -0.713290393352509
Roll:    0.053815782070160  |  Pitch:   -0.028740692883730  |  Yaw:    0.218966633081436  |  Thrust[0]:    0.000000000000000  |  Thrust[1]:    0.000000000000000  |  Thrust[2]:   -0.718373477458954
Roll:    0.040987834334373  |  Pitch:   -0.019597172737122  |  Yaw:   -0.065479353070259  |  Thrust[0]:    0.000000000000000  |  Thrust[1]:    0.000000000000000  |  Thrust[2]:   -0.722856104373932
Roll:   -0.281445026397705  |  Pitch:    0.026788871735334  |  Yaw:   -0.117032103240490  |  Thrust[0]:    0.000000000000000  |  Thrust[1]:    0.000000000000000  |  Thrust[2]:   -0.729897618293762
Roll:    0.042084585875273  |  Pitch:    0.015121357515454  |  Yaw:   -0.050207812339067  |  Thrust[0]:    0.000000000000000  |  Thrust[1]:    0.000000000000000  |  Thrust[2]:   -0.730970859527588
Roll:   -0.011803722009063  |  Pitch:    0.001884412486106  |  Yaw:    0.004646332934499  |  Thrust[0]:    0.000000000000000  |  Thrust[1]:    0.000000000000000  |  Thrust[2]:   -0.726524114608765
Roll:   -0.010875742882490  |  Pitch:   -0.011723029427230  |  Yaw:    0.009564206004143  |  Thrust[0]:    0.000000000000000  |  Thrust[1]:    0.000000000000000  |  Thrust[2]:   -0.731220960617065
Roll:    0.000323970336467  |  Pitch:   -0.015207980759442  |  Yaw:    0.005935835186392  |  Thrust[0]:    0.000000000000000  |  Thrust[1]:    0.000000000000000  |  Thrust[2]:   -0.733686268329620
Roll:    0.003823551349342  |  Pitch:   -0.007901162840426  |  Yaw:   -0.003681870643049  |  Thrust[0]:    0.000000000000000  |  Thrust[1]:    0.000000000000000  |  Thrust[2]:   -0.732481837272644
Roll:    0.018704410642385  |  Pitch:    0.000968174426816  |  Yaw:    0.000952955801040  |  Thrust[0]:    0.000000000000000  |  Thrust[1]:    0.000000000000000  |  Thrust[2]:   -0.730900049209595
Roll:   -0.007497326936573  |  Pitch:   -0.005681515671313  |  Yaw:   -0.002354886615649  |  Thrust[0]:    0.000000000000000  |  Thrust[1]:    0.000000000000000  |  Thrust[2]:   -0.721894443035126
Roll:   -0.015408970415592  |  Pitch:    0.004353752359748  |  Yaw:   -0.008218139410019  |  Thrust[0]:    0.000000000000000  |  Thrust[1]:    0.000000000000000  |  Thrust[2]:   -0.722904622554779
Roll:    0.004961861297488  |  Pitch:   -0.009713971987367  |  Yaw:   -0.005130753386766  |  Thrust[0]:    0.000000000000000  |  Thrust[1]:    0.000000000000000  |  Thrust[2]:   -0.730871856212616
Roll:   -0.007165393326432  |  Pitch:    0.002986014122143  |  Yaw:   -0.002948242239654  |  Thrust[0]:    0.000000000000000  |  Thrust[1]:    0.000000000000000  |  Thrust[2]:   -0.729480564594269
Roll:    0.022450441494584  |  Pitch:   -0.006650694180280  |  Yaw:    0.008614947088063  |  Thrust[0]:    0.000000000000000  |  Thrust[1]:    0.000000000000000  |  Thrust[2]:   -0.727103650569916
Roll:    0.002587520517409  |  Pitch:   -0.010445478372276  |  Yaw:    0.010111341252923  |  Thrust[0]:    0.000000000000000  |  Thrust[1]:    0.000000000000000  |  Thrust[2]:   -0.726542949676514
Roll:    0.011964680626988  |  Pitch:   -0.005142660811543  |  Yaw:    0.008382342755795  |  Thrust[0]:    0.000000000000000  |  Thrust[1]:    0.000000000000000  |  Thrust[2]:   -0.727319896221161
Roll:   -0.013774246908724  |  Pitch:   -0.001361447619274  |  Yaw:   -0.003545973915607  |  Thrust[0]:    0.000000000000000  |  Thrust[1]:    0.000000000000000  |  Thrust[2]:   -0.725152015686035
Roll:   -0.016299145296216  |  Pitch:    0.008336868137121  |  Yaw:   -0.003909501247108  |  Thrust[0]:    0.000000000000000  |  Thrust[1]:    0.000000000000000  |  Thrust[2]:   -0.725143253803253
Roll:   -0.010017354972661  |  Pitch:    0.010096178390086  |  Yaw:    0.001989306649193  |  Thrust[0]:    0.000000000000000  |  Thrust[1]:    0.000000000000000  |  Thrust[2]:   -0.730736196041107
Roll:   -0.007392561063170  |  Pitch:   -0.016499983146787  |  Yaw:   -0.010920993983746  |  Thrust[0]:    0.000000000000000  |  Thrust[1]:    0.000000000000000  |  Thrust[2]:   -0.729664266109467
Roll:    0.008852361701429  |  Pitch:   -0.014695425517857  |  Yaw:   -0.002499690046534  |  Thrust[0]:    0.000000000000000  |  Thrust[1]:    0.000000000000000  |  Thrust[2]:   -0.729176521301270
Roll:    0.012492311187088  |  Pitch:   -0.006816654466093  |  Yaw:    0.010731063783169  |  Thrust[0]:    0.000000000000000  |  Thrust[1]:    0.000000000000000  |  Thrust[2]:   -0.727758884429932
Roll:   -0.015506081283092  |  Pitch:   -0.009671857580543  |  Yaw:   -0.000560682616197  |  Thrust[0]:    0.000000000000000  |  Thrust[1]:    0.000000000000000  |  Thrust[2]:   -0.724299311637878
Roll:    0.015672586858273  |  Pitch:   -0.006390071008354  |  Yaw:   -0.001811497611925  |  Thrust[0]:    0.000000000000000  |  Thrust[1]:    0.000000000000000  |  Thrust[2]:   -0.733497560024261
Roll:    0.002934299642220  |  Pitch:    0.005009204614908  |  Yaw:    0.004907324910164  |  Thrust[0]:    0.000000000000000  |  Thrust[1]:    0.000000000000000  |  Thrust[2]:   -0.730367362499237
Roll:   -0.004242068156600  |  Pitch:   -0.010935664176941  |  Yaw:    0.000325815111864  |  Thrust[0]:    0.000000000000000  |  Thrust[1]:    0.000000000000000  |  Thrust[2]:   -0.728557705879211
Roll:    0.007646603044122  |  Pitch:   -0.012583785690367  |  Yaw:   -0.000847509945743  |  Thrust[0]:    0.000000000000000  |  Thrust[1]:    0.000000000000000  |  Thrust[2]:   -0.727539658546448
Roll:   -0.002580222673714  |  Pitch:    0.020584970712662  |  Yaw:    0.002123497659341  |  Thrust[0]:    0.000000000000000  |  Thrust[1]:    0.000000000000000  |  Thrust[2]:   -0.729656696319580
Roll:    0.004999263212085  |  Pitch:    0.001930857426487  |  Yaw:    0.000705636164639  |  Thrust[0]:    0.000000000000000  |  Thrust[1]:    0.000000000000000  |  Thrust[2]:   -0.729761660099030
Roll:   -0.002762710209936  |  Pitch:    0.002675234107301  |  Yaw:    0.000048035115469  |  Thrust[0]:    0.000000000000000  |  Thrust[1]:    0.000000000000000  |  Thrust[2]:   -0.728236019611359
Roll:    0.004952923860401  |  Pitch:    0.012450651265681  |  Yaw:    0.002078837249428  |  Thrust[0]:    0.000000000000000  |  Thrust[1]:    0.000000000000000  |  Thrust[2]:   -0.725236117839813
Roll:   -0.002403768710792  |  Pitch:   -0.007862450554967  |  Yaw:    0.002269159536809  |  Thrust[0]:    0.000000000000000  |  Thrust[1]:    0.000000000000000  |  Thrust[2]:   -0.724014282226562
Roll:   -0.008002010174096  |  Pitch:    0.004130676388741  |  Yaw:   -0.001707068411633  |  Thrust[0]:    0.000000000000000  |  Thrust[1]:    0.000000000000000  |  Thrust[2]:   -0.732618212699890
Roll:   -0.002398150507361  |  Pitch:    0.000765167467762  |  Yaw:   -0.001981447450817  |  Thrust[0]:    0.000000000000000  |  Thrust[1]:    0.000000000000000  |  Thrust[2]:   -0.731451869010925
Roll:   -0.002032547490671  |  Pitch:    0.009766144677997  |  Yaw:   -0.006437747273594  |  Thrust[0]:    0.000000000000000  |  Thrust[1]:    0.000000000000000  |  Thrust[2]:   -0.727932214736938
Roll:    0.003827161155641  |  Pitch:   -0.014153914526105  |  Yaw:    0.000783113529906  |  Thrust[0]:    0.000000000000000  |  Thrust[1]:    0.000000000000000  |  Thrust[2]:   -0.728711307048798
Roll:   -0.000577219936531  |  Pitch:    0.006816785316914  |  Yaw:    0.001583442906849  |  Thrust[0]:    0.000000000000000  |  Thrust[1]:    0.000000000000000  |  Thrust[2]:   -0.730894684791565
Roll:    0.000659347395413  |  Pitch:   -0.009684581309557  |  Yaw:    0.000763137999456  |  Thrust[0]:    0.000000000000000  |  Thrust[1]:    0.000000000000000  |  Thrust[2]:   -0.726321518421173
Roll:    0.000155565052410  |  Pitch:   -0.001544568920508  |  Yaw:   -0.001041889423504  |  Thrust[0]:    0.000000000000000  |  Thrust[1]:    0.000000000000000  |  Thrust[2]:   -0.729788661003113
Roll:    0.009460743516684  |  Pitch:   -0.017818737775087  |  Yaw:    0.009461558423936  |  Thrust[0]:    0.000000000000000  |  Thrust[1]:    0.000000000000000  |  Thrust[2]:   -0.731261610984802
Roll:   -0.009552926756442  |  Pitch:    0.016847291961312  |  Yaw:   -0.011726506054401  |  Thrust[0]:    0.000000000000000  |  Thrust[1]:    0.000000000000000  |  Thrust[2]:   -0.726956963539124
Roll:    0.001812321017496  |  Pitch:    0.007748459000140  |  Yaw:   -0.003335563000292  |  Thrust[0]:    0.000000000000000  |  Thrust[1]:    0.000000000000000  |  Thrust[2]:   -0.722608566284180
Roll:   -0.012842485681176  |  Pitch:    0.001761153107509  |  Yaw:   -0.006560550536960  |  Thrust[0]:    0.000000000000000  |  Thrust[1]:    0.000000000000000  |  Thrust[2]:   -0.728770554065704
Roll:    0.012708776630461  |  Pitch:    0.008715158328414  |  Yaw:    0.000317149620969  |  Thrust[0]:    0.000000000000000  |  Thrust[1]:    0.000000000000000  |  Thrust[2]:   -0.730618953704834
Roll:    0.012540767900646  |  Pitch:   -0.025253806263208  |  Yaw:    0.015774987637997  |  Thrust[0]:    0.000000000000000  |  Thrust[1]:    0.000000000000000  |  Thrust[2]:   -0.730912864208221
Roll:   -0.018606016412377  |  Pitch:   -0.015995768830180  |  Yaw:    0.006451244000345  |  Thrust[0]:    0.000000000000000  |  Thrust[1]:    0.000000000000000  |  Thrust[2]:   -0.727545261383057
Roll:    0.005561290308833  |  Pitch:    0.014749976806343  |  Yaw:    0.033349622040987  |  Thrust[0]:    0.000000000000000  |  Thrust[1]:    0.000000000000000  |  Thrust[2]:   -0.728880167007446
Roll:    0.016116339713335  |  Pitch:    0.003193780779839  |  Yaw:    0.024863623082638  |  Thrust[0]:    0.000000000000000  |  Thrust[1]:    0.000000000000000  |  Thrust[2]:   -0.726043462753296
Roll:    0.008011112920940  |  Pitch:    0.006515727844089  |  Yaw:    0.004155780654401  |  Thrust[0]:    0.000000000000000  |  Thrust[1]:    0.000000000000000  |  Thrust[2]:   -0.725222051143646
Roll:   -0.024902816861868  |  Pitch:    0.006081324536353  |  Yaw:   -0.022529251873493  |  Thrust[0]:    0.000000000000000  |  Thrust[1]:    0.000000000000000  |  Thrust[2]:   -0.729523420333862
Roll:    0.005331673193723  |  Pitch:    0.015444193035364  |  Yaw:   -0.006656979676336  |  Thrust[0]:    0.000000000000000  |  Thrust[1]:    0.000000000000000  |  Thrust[2]:   -0.727425754070282
Roll:   -0.017533788457513  |  Pitch:   -0.004629372153431  |  Yaw:   -0.006214080844074  |  Thrust[0]:    0.000000000000000  |  Thrust[1]:    0.000000000000000  |  Thrust[2]:   -0.733308970928192
Roll:   -0.001035287044942  |  Pitch:   -0.014765048399568  |  Yaw:   -0.006313029676676  |  Thrust[0]:    0.000000000000000  |  Thrust[1]:    0.000000000000000  |  Thrust[2]:   -0.729472398757935
Roll:   -0.009869247674942  |  Pitch:   -0.000482309900690  |  Yaw:   -0.007523980457336  |  Thrust[0]:    0.000000000000000  |  Thrust[1]:    0.000000000000000  |  Thrust[2]:   -0.724137067794800
Roll:    0.006929244380444  |  Pitch:    0.000318537873682  |  Yaw:    0.002393278526142  |  Thrust[0]:    0.000000000000000  |  Thrust[1]:    0.000000000000000  |  Thrust[2]:   -0.725292682647705
Roll:    0.019601140171289  |  Pitch:    0.003775170305744  |  Yaw:    0.021950528025627  |  Thrust[0]:    0.000000000000000  |  Thrust[1]:    0.000000000000000  |  Thrust[2]:   -0.727585256099701
Roll:    0.019454648718238  |  Pitch:    0.000555743114091  |  Yaw:    0.035631857812405  |  Thrust[0]:    0.000000000000000  |  Thrust[1]:    0.000000000000000  |  Thrust[2]:   -0.728001415729523
Roll:   -0.020228307694197  |  Pitch:    0.010597053915262  |  Yaw:    0.005120837129653  |  Thrust[0]:    0.000000000000000  |  Thrust[1]:    0.000000000000000  |  Thrust[2]:   -0.730326235294342
Roll:   -0.028090436011553  |  Pitch:    0.009355748072267  |  Yaw:   -0.036027166992426  |  Thrust[0]:    0.000000000000000  |  Thrust[1]:    0.000000000000000  |  Thrust[2]:   -0.731710970401764
Roll:   -0.005498092155904  |  Pitch:    0.008796682581306  |  Yaw:   -0.028560720384121  |  Thrust[0]:    0.000000000000000  |  Thrust[1]:    0.000000000000000  |  Thrust[2]:   -0.721455812454224
Roll:   -0.008310807868838  |  Pitch:    0.000932508322876  |  Yaw:    0.005093653686345  |  Thrust[0]:    0.000000000000000  |  Thrust[1]:    0.000000000000000  |  Thrust[2]:   -0.726846158504486
Roll:    0.017281910404563  |  Pitch:    0.003359706141055  |  Yaw:    0.011379689909518  |  Thrust[0]:    0.000000000000000  |  Thrust[1]:    0.000000000000000  |  Thrust[2]:   -0.729968845844269
Roll:    0.003476566402242  |  Pitch:   -0.012045604176819  |  Yaw:    0.014178918674588  |  Thrust[0]:    0.000000000000000  |  Thrust[1]:    0.000000000000000  |  Thrust[2]:   -0.733123064041138
Roll:   -0.016417955979705  |  Pitch:   -0.001262348028831  |  Yaw:   -0.002414817921817  |  Thrust[0]:    0.000000000000000  |  Thrust[1]:    0.000000000000000  |  Thrust[2]:   -0.728135049343109
Roll:    0.008267905563116  |  Pitch:    0.007760227192193  |  Yaw:   -0.012933596037328  |  Thrust[0]:    0.000000000000000  |  Thrust[1]:    0.000000000000000  |  Thrust[2]:   -0.732415020465851
Roll:   -0.006158794276416  |  Pitch:    0.001549857319333  |  Yaw:   -0.008464334532619  |  Thrust[0]:    0.000000000000000  |  Thrust[1]:    0.000000000000000  |  Thrust[2]:   -0.727117002010345
Roll:   -0.008498800918460  |  Pitch:    0.006636857986450  |  Yaw:   -0.013339607045054  |  Thrust[0]:    0.000000000000000  |  Thrust[1]:    0.000000000000000  |  Thrust[2]:   -0.726119458675385
Roll:    0.003515867982060  |  Pitch:    0.006575186271220  |  Yaw:   -0.009455555118620  |  Thrust[0]:    0.000000000000000  |  Thrust[1]:    0.000000000000000  |  Thrust[2]:   -0.730488777160645
Roll:    0.028821885585785  |  Pitch:   -0.020683286711574  |  Yaw:    0.040882647037506  |  Thrust[0]:    0.000000000000000  |  Thrust[1]:    0.000000000000000  |  Thrust[2]:   -0.726947665214539
Roll:    0.009835593402386  |  Pitch:    0.010865622200072  |  Yaw:    0.043974690139294  |  Thrust[0]:    0.000000000000000  |  Thrust[1]:    0.000000000000000  |  Thrust[2]:   -0.729516863822937
Roll:    0.006824781652540  |  Pitch:    0.004301328212023  |  Yaw:    0.018678629770875  |  Thrust[0]:    0.000000000000000  |  Thrust[1]:    0.000000000000000  |  Thrust[2]:   -0.729337275028229
Roll:   -0.018262974917889  |  Pitch:    0.011326028034091  |  Yaw:   -0.016254050657153  |  Thrust[0]:    0.000000000000000  |  Thrust[1]:    0.000000000000000  |  Thrust[2]:   -0.731471776962280
Roll:   -0.007538465783000  |  Pitch:   -0.000273427373031  |  Yaw:   -0.055013023316860  |  Thrust[0]:    0.000000000000000  |  Thrust[1]:    0.000000000000000  |  Thrust[2]:   -0.725112438201904
Roll:   -0.025100268423557  |  Pitch:   -0.007015688810498  |  Yaw:   -0.042653985321522  |  Thrust[0]:    0.000000000000000  |  Thrust[1]:    0.000000000000000  |  Thrust[2]:   -0.729128122329712
Roll:    0.024772422388196  |  Pitch:    0.012021659873426  |  Yaw:   -0.005727538838983  |  Thrust[0]:    0.000000000000000  |  Thrust[1]:    0.000000000000000  |  Thrust[2]:   -0.727364063262939
Roll:    0.023854117840528  |  Pitch:    0.000293921009870  |  Yaw:    0.048364996910095  |  Thrust[0]:    0.000000000000000  |  Thrust[1]:    0.000000000000000  |  Thrust[2]:   -0.724469065666199
Roll:   -0.007190971635282  |  Pitch:   -0.010081384330988  |  Yaw:    0.039326637983322  |  Thrust[0]:    0.000000000000000  |  Thrust[1]:    0.000000000000000  |  Thrust[2]:   -0.727547347545624
Roll:    0.018108481541276  |  Pitch:    0.001434946199879  |  Yaw:   -0.002922690473497  |  Thrust[0]:    0.000000000000000  |  Thrust[1]:    0.000000000000000  |  Thrust[2]:   -0.730100810527802
Roll:   -0.003618785180151  |  Pitch:    0.001491622184403  |  Yaw:    0.001355913467705  |  Thrust[0]:    0.000000000000000  |  Thrust[1]:    0.000000000000000  |  Thrust[2]:   -0.731271505355835
Roll:   -0.005007520783693  |  Pitch:    0.012410745956004  |  Yaw:   -0.003158035920933  |  Thrust[0]:    0.000000000000000  |  Thrust[1]:    0.000000000000000  |  Thrust[2]:   -0.728964269161224
Roll:   -0.001049901824445  |  Pitch:    0.018658818677068  |  Yaw:   -0.020439092069864  |  Thrust[0]:    0.000000000000000  |  Thrust[1]:    0.000000000000000  |  Thrust[2]:   -0.726145744323730
Roll:   -0.005492791999131  |  Pitch:    0.000859588850290  |  Yaw:    0.019488614052534  |  Thrust[0]:    0.000000000000000  |  Thrust[1]:    0.000000000000000  |  Thrust[2]:   -0.725518882274628
Roll:    0.004296561703086  |  Pitch:   -0.007429072167724  |  Yaw:   -0.033002991229296  |  Thrust[0]:    0.000000000000000  |  Thrust[1]:    0.000000000000000  |  Thrust[2]:   -0.726268649101257
Roll:   -0.004497822839767  |  Pitch:    0.008858565241098  |  Yaw:   -0.012430477887392  |  Thrust[0]:    0.000000000000000  |  Thrust[1]:    0.000000000000000  |  Thrust[2]:   -0.727007150650024
Roll:    0.000540154986084  |  Pitch:   -0.006514332257211  |  Yaw:    0.018301174044609  |  Thrust[0]:    0.000000000000000  |  Thrust[1]:    0.000000000000000  |  Thrust[2]:   -0.728656589984894
Roll:   -0.000516828033142  |  Pitch:   -0.009690116159618  |  Yaw:   -0.010013895109296  |  Thrust[0]:    0.000000000000000  |  Thrust[1]:    0.000000000000000  |  Thrust[2]:   -0.730240762233734
Roll:   -0.004927147179842  |  Pitch:   -0.003066108794883  |  Yaw:   -0.012726246379316  |  Thrust[0]:    0.000000000000000  |  Thrust[1]:    0.000000000000000  |  Thrust[2]:   -0.729337871074677
Roll:    0.001673038466834  |  Pitch:   -0.007186607923359  |  Yaw:   -0.030015263706446  |  Thrust[0]:    0.000000000000000  |  Thrust[1]:    0.000000000000000  |  Thrust[2]:   -0.729199349880219
Roll:    0.002535182517022  |  Pitch:    0.018551066517830  |  Yaw:   -0.001902360003442  |  Thrust[0]:    0.000000000000000  |  Thrust[1]:    0.000000000000000  |  Thrust[2]:   -0.731246352195740
Roll:   -0.005574333947152  |  Pitch:    0.007833657786250  |  Yaw:   -0.026163160800934  |  Thrust[0]:    0.000000000000000  |  Thrust[1]:    0.000000000000000  |  Thrust[2]:   -0.723808050155640
Roll:    0.007622457575053  |  Pitch:   -0.004335954785347  |  Yaw:   -0.004209262318909  |  Thrust[0]:    0.000000000000000  |  Thrust[1]:    0.000000000000000  |  Thrust[2]:   -0.672921180725098
Roll:    0.017800994217396  |  Pitch:   -0.011632805690169  |  Yaw:    0.017415931448340  |  Thrust[0]:    0.000000000000000  |  Thrust[1]:    0.000000000000000  |  Thrust[2]:   -0.606285750865936
Roll:    0.006045446265489  |  Pitch:   -0.003955522086471  |  Yaw:    0.009633373469114  |  Thrust[0]:    0.000000000000000  |  Thrust[1]:    0.000000000000000  |  Thrust[2]:   -0.716982126235962
Roll:    0.016886333003640  |  Pitch:    0.006773404311389  |  Yaw:    0.003140510758385  |  Thrust[0]:    0.000000000000000  |  Thrust[1]:    0.000000000000000  |  Thrust[2]:   -0.776244401931763
Roll:   -0.021135067567229  |  Pitch:    0.009376605972648  |  Yaw:   -0.003498908597976  |  Thrust[0]:    0.000000000000000  |  Thrust[1]:    0.000000000000000  |  Thrust[2]:   -0.714906990528107
Roll:   -0.006555865053087  |  Pitch:    0.013650112785399  |  Yaw:   -0.001861061551608  |  Thrust[0]:    0.000000000000000  |  Thrust[1]:    0.000000000000000  |  Thrust[2]:   -0.728368222713470
Roll:    0.013096212409437  |  Pitch:    0.139811590313911  |  Yaw:    0.001900401315652  |  Thrust[0]:    0.000000000000000  |  Thrust[1]:    0.000000000000000  |  Thrust[2]:   -0.736527800559998
Roll:    0.005889593157917  |  Pitch:   -0.034942340105772  |  Yaw:    0.000798569177277  |  Thrust[0]:    0.000000000000000  |  Thrust[1]:    0.000000000000000  |  Thrust[2]:   -0.733153343200684
Roll:   -0.011648010462523  |  Pitch:    0.003225383581594  |  Yaw:    0.001477001002058  |  Thrust[0]:    0.000000000000000  |  Thrust[1]:    0.000000000000000  |  Thrust[2]:   -0.731639742851257
Roll:   -0.008953702636063  |  Pitch:   -0.001703049289063  |  Yaw:    0.009133636951447  |  Thrust[0]:    0.000000000000000  |  Thrust[1]:    0.000000000000000  |  Thrust[2]:   -0.736141860485077
Roll:   -0.021211443468928  |  Pitch:    0.007035659626126  |  Yaw:    0.014018595218658  |  Thrust[0]:    0.000000000000000  |  Thrust[1]:    0.000000000000000  |  Thrust[2]:   -0.737900972366333
Roll:    0.012405475601554  |  Pitch:    0.008159546181560  |  Yaw:   -0.001945555210114  |  Thrust[0]:    0.000000000000000  |  Thrust[1]:    0.000000000000000  |  Thrust[2]:   -0.733896195888519
Roll:    0.008214474655688  |  Pitch:    0.002180696232244  |  Yaw:   -0.005706489086151  |  Thrust[0]:    0.000000000000000  |  Thrust[1]:    0.000000000000000  |  Thrust[2]:   -0.735143780708313
Roll:    0.016267536208034  |  Pitch:   -0.010573972947896  |  Yaw:   -0.001387298107147  |  Thrust[0]:    0.000000000000000  |  Thrust[1]:    0.000000000000000  |  Thrust[2]:   -0.735105752944946
Roll:   -0.025997238233685  |  Pitch:    0.014256232418120  |  Yaw:    0.012904584407806  |  Thrust[0]:    0.000000000000000  |  Thrust[1]:    0.000000000000000  |  Thrust[2]:   -0.732724487781525
Roll:   -0.008166992105544  |  Pitch:    0.004852320998907  |  Yaw:    0.006817996501923  |  Thrust[0]:    0.000000000000000  |  Thrust[1]:    0.000000000000000  |  Thrust[2]:   -0.733642995357513
Roll:   -0.000037314370275  |  Pitch:   -0.002431807108223  |  Yaw:   -0.000781476497650  |  Thrust[0]:    0.000000000000000  |  Thrust[1]:    0.000000000000000  |  Thrust[2]:   -0.730148971080780
Roll:    0.023027375340462  |  Pitch:    0.014332519844174  |  Yaw:   -0.002001881599426  |  Thrust[0]:    0.000000000000000  |  Thrust[1]:    0.000000000000000  |  Thrust[2]:   -0.727582752704620
Roll:    0.006485556252301  |  Pitch:    0.008783441968262  |  Yaw:   -0.002676546573639  |  Thrust[0]:    0.000000000000000  |  Thrust[1]:    0.000000000000000  |  Thrust[2]:   -0.725694000720978
Roll:    0.016507038846612  |  Pitch:    0.003225052496418  |  Yaw:   -0.001551270484924  |  Thrust[0]:    0.000000000000000  |  Thrust[1]:    0.000000000000000  |  Thrust[2]:   -0.725220739841461
Roll:   -0.020877895876765  |  Pitch:    0.015920517966151  |  Yaw:   -0.000047147274017  |  Thrust[0]:    0.000000000000000  |  Thrust[1]:    0.000000000000000  |  Thrust[2]:   -0.727059483528137
Roll:   -0.000633083633147  |  Pitch:    0.004071864299476  |  Yaw:    0.002721607685089  |  Thrust[0]:    0.000000000000000  |  Thrust[1]:    0.000000000000000  |  Thrust[2]:   -0.728596806526184
Roll:    0.003412675810978  |  Pitch:    0.001480591716245  |  Yaw:   -0.000280797481537  |  Thrust[0]:    0.000000000000000  |  Thrust[1]:    0.000000000000000  |  Thrust[2]:   -0.724379360675812
Roll:    0.000675493618473  |  Pitch:   -0.015745062381029  |  Yaw:   -0.001222074031830  |  Thrust[0]:    0.000000000000000  |  Thrust[1]:    0.000000000000000  |  Thrust[2]:   -0.726751148700714
Roll:   -0.001048337435350  |  Pitch:    0.000993439927697  |  Yaw:   -0.000862002372742  |  Thrust[0]:    0.000000000000000  |  Thrust[1]:    0.000000000000000  |  Thrust[2]:   -0.729920268058777
Roll:    0.000670143752359  |  Pitch:   -0.006202827207744  |  Yaw:    0.002859711647034  |  Thrust[0]:    0.000000000000000  |  Thrust[1]:    0.000000000000000  |  Thrust[2]:   -0.732274532318115
Roll:   -0.017103206366301  |  Pitch:   -0.007791688200086  |  Yaw:   -0.000594973564148  |  Thrust[0]:    0.000000000000000  |  Thrust[1]:    0.000000000000000  |  Thrust[2]:   -0.731457054615021
Roll:   -0.002125199884176  |  Pitch:    0.007919975556433  |  Yaw:   -0.000098049640656  |  Thrust[0]:    0.000000000000000  |  Thrust[1]:    0.000000000000000  |  Thrust[2]:   -0.729949951171875
Roll:   -0.001743465429172  |  Pitch:   -0.009355622343719  |  Yaw:    0.000731408596039  |  Thrust[0]:    0.000000000000000  |  Thrust[1]:    0.000000000000000  |  Thrust[2]:   -0.730563044548035
Roll:   -0.007399156689644  |  Pitch:   -0.013050372712314  |  Yaw:   -0.001721501350403  |  Thrust[0]:    0.000000000000000  |  Thrust[1]:    0.000000000000000  |  Thrust[2]:   -0.723599791526794
Roll:   -0.000194713938981  |  Pitch:   -0.010078724473715  |  Yaw:   -0.003158032894135  |  Thrust[0]:    0.000000000000000  |  Thrust[1]:    0.000000000000000  |  Thrust[2]:   -0.733062446117401
Roll:    0.005829880014062  |  Pitch:    0.007036016788334  |  Yaw:    0.007203102111816  |  Thrust[0]:    0.000000000000000  |  Thrust[1]:    0.000000000000000  |  Thrust[2]:   -0.726086795330048
Roll:   -0.059833750128746  |  Pitch:   -0.203823029994965  |  Yaw:    0.044741094112396  |  Thrust[0]:    0.000000000000000  |  Thrust[1]:    0.000000000000000  |  Thrust[2]:   -0.390882641077042
Roll:    0.002333453157917  |  Pitch:   -0.002401676494628  |  Yaw:    0.000145196914673  |  Thrust[0]:    0.000000000000000  |  Thrust[1]:    0.000000000000000  |  Thrust[2]:   -0.119999997317791
Roll:    0.001249128836207  |  Pitch:   -0.001254147617146  |  Yaw:   -0.000352144241333  |  Thrust[0]:    0.000000000000000  |  Thrust[1]:    0.000000000000000  |  Thrust[2]:   -0.001000000047497
Roll:   -0.000123795529362  |  Pitch:   -0.001565138227306  |  Yaw:    0.000046730041504  |  Thrust[0]:    0.000000000000000  |  Thrust[1]:    0.000000000000000  |  Thrust[2]:   -0.001000000047497
Roll:   -0.000219703943003  |  Pitch:   -0.001584825571626  |  Yaw:   -0.000123500823975  |  Thrust[0]:    0.000000000000000  |  Thrust[1]:    0.000000000000000  |  Thrust[2]:   -0.001000000047497
Roll:   -0.001705735921860  |  Pitch:   -0.003240916645154  |  Yaw:   -0.000037968158722  |  Thrust[0]:    0.000000000000000  |  Thrust[1]:    0.000000000000000  |  Thrust[2]:   -0.001000000047497
