Roll:  8304493056.00000000  |  Pitch: 34899415040.00000000  |  Yaw:         122.97733307  |  Thrust[0]:           0.00000000  |  Thrust[1]:           0.00000000  |  Thrust[2]: 34127369732096.00000000
Roll: 32368019456.00000000  |  Pitch: -46159683584.00000000  |  Yaw:        -229.15032959  |  Thrust[0]:           0.00000000  |  Thrust[1]:           0.00000000  |  Thrust[2]: -51910346276864.00000000
Roll:         616.87567139  |  Pitch:          -0.14604102  |  Yaw:           0.35476297  |  Thrust[0]:           0.00000000  |  Thrust[1]:           0.00000000  |  Thrust[2]:          -0.68370318
Roll:     -371164.81250000  |  Pitch:          -0.10167909  |  Yaw:           0.34428832  |  Thrust[0]:           0.00000000  |  Thrust[1]:           0.00000000  |  Thrust[2]:          -0.24333322
Roll:     -388404.25000000  |  Pitch:          -0.11066533  |  Yaw:           0.33818895  |  Thrust[0]:           0.00000000  |  Thrust[1]:           0.00000000  |  Thrust[2]:          -0.23751308
Roll:           0.59545636  |  Pitch:          -0.03681907  |  Yaw:           0.35415602  |  Thrust[0]:           0.00000000  |  Thrust[1]:           0.00000000  |  Thrust[2]:         201.88040161
Roll: 21255962624.00000000  |  Pitch: -33705426944.00000000  |  Yaw:        -929.52752686  |  Thrust[0]:           0.00000000  |  Thrust[1]:           0.00000000  |  Thrust[2]: -45518377975808.00000000
Roll:           0.29577234  |  Pitch:    -2647444.00000000  |  Yaw:         -10.49143314  |  Thrust[0]:           0.00000000  |  Thrust[1]:           0.00000000  |  Thrust[2]:        1679.03479004
Roll:           0.83266866  |  Pitch:          -0.37432852  |  Yaw:           0.35493714  |  Thrust[0]:           0.00000000  |  Thrust[1]:           0.00000000  |  Thrust[2]:        -185.70916748
Roll:  -639746112.00000000  |  Pitch:  -936547584.00000000  |  Yaw:         -21.58358192  |  Thrust[0]:           0.00000000  |  Thrust[1]:           0.00000000  |  Thrust[2]: -3740806938624.00000000
Roll:           0.33209160  |  Pitch:    -1863221.75000000  |  Yaw:           2.11777282  |  Thrust[0]:           0.00000000  |  Thrust[1]:           0.00000000  |  Thrust[2]:        -316.97656250
Roll:           0.70625675  |  Pitch:          -0.14272659  |  Yaw:           0.35535142  |  Thrust[0]:           0.00000000  |  Thrust[1]:           0.00000000  |  Thrust[2]:         214.74707031
Roll:        1885.43151855  |  Pitch:          -0.28102297  |  Yaw:           0.35503897  |  Thrust[0]:           0.00000000  |  Thrust[1]:           0.00000000  |  Thrust[2]:          -0.69209826
Roll: 29865904128.00000000  |  Pitch: 13722755072.00000000  |  Yaw:         693.37463379  |  Thrust[0]:           0.00000000  |  Thrust[1]:           0.00000000  |  Thrust[2]: 104475733786624.00000000
Roll:           0.77291054  |  Pitch:          -0.23006481  |  Yaw:           0.35540470  |  Thrust[0]:           0.00000000  |  Thrust[1]:           0.00000000  |  Thrust[2]:         273.79986572
Roll:           0.41221923  |  Pitch:     4834550.00000000  |  Yaw:           4.92272186  |  Thrust[0]:           0.00000000  |  Thrust[1]:           0.00000000  |  Thrust[2]:        -704.09497070
Roll:     -196559.84375000  |  Pitch:          -0.27004805  |  Yaw:           0.42862195  |  Thrust[0]:           0.00000000  |  Thrust[1]:           0.00000000  |  Thrust[2]:          -0.21071835
Roll:  -618677888.00000000  |  Pitch:  3489823488.00000000  |  Yaw:          64.36614990  |  Thrust[0]:           0.00000000  |  Thrust[1]:           0.00000000  |  Thrust[2]: 7181104054272.00000000
Roll:     1357989.00000000  |  Pitch:    -7033989.50000000  |  Yaw:         -11.60264206  |  Thrust[0]:           0.00000000  |  Thrust[1]:           0.00000000  |  Thrust[2]: -79738683392.00000000
Roll:        -343.48883057  |  Pitch:           1.59240687  |  Yaw:           0.26120219  |  Thrust[0]:           0.00000000  |  Thrust[1]:           0.00000000  |  Thrust[2]:           0.74224526
Roll:           0.96220821  |  Pitch:           0.79290152  |  Yaw:           0.45731232  |  Thrust[0]:           0.00000000  |  Thrust[1]:           0.00000000  |  Thrust[2]:         287.32141113
Roll:     3929587.50000000  |  Pitch:   -27304806.00000000  |  Yaw:         -10.15457535  |  Thrust[0]:           0.00000000  |  Thrust[1]:           0.00000000  |  Thrust[2]: -3808136960.00000000
Roll:           0.48335320  |  Pitch:           2.52337217  |  Yaw:           0.33762905  |  Thrust[0]:           0.00000000  |  Thrust[1]:           0.00000000  |  Thrust[2]:         -17.91930580
Roll:         887.38415527  |  Pitch:           2.89626336  |  Yaw:           0.40889075  |  Thrust[0]:           0.00000000  |  Thrust[1]:           0.00000000  |  Thrust[2]:           1.09947944
Roll:         808.23236084  |  Pitch:           2.48148608  |  Yaw:           0.37297028  |  Thrust[0]:           0.00000000  |  Thrust[1]:           0.00000000  |  Thrust[2]:           0.88357699
Roll:     6742898.50000000  |  Pitch:         446.42181396  |  Yaw:        -221.82469177  |  Thrust[0]:           0.00000000  |  Thrust[1]:           0.00000000  |  Thrust[2]:          -0.86289597
Roll:      -14409.25292969  |  Pitch:      183308.87500000  |  Yaw:          -0.32094914  |  Thrust[0]:           0.00000000  |  Thrust[1]:           0.00000000  |  Thrust[2]:    29488338.00000000
Roll:         586.99768066  |  Pitch:           2.60426235  |  Yaw:          -0.30596578  |  Thrust[0]:           0.00000000  |  Thrust[1]:           0.00000000  |  Thrust[2]:          -0.59160024
Roll:         757.01910400  |  Pitch:           2.15293407  |  Yaw:          -1.03154385  |  Thrust[0]:           0.00000000  |  Thrust[1]:           0.00000000  |  Thrust[2]:          -0.57028019
Roll:           0.16548464  |  Pitch:           2.85151863  |  Yaw:          -0.83084595  |  Thrust[0]:           0.00000000  |  Thrust[1]:           0.00000000  |  Thrust[2]:        -414.06042480
Roll:       -1900.39440918  |  Pitch:       -3626.58447266  |  Yaw:           0.27845043  |  Thrust[0]:           0.00000000  |  Thrust[1]:           0.00000000  |  Thrust[2]:    -2528055.00000000
Roll:         490.83563232  |  Pitch:           1.92414069  |  Yaw:          -0.06677164  |  Thrust[0]:           0.00000000  |  Thrust[1]:           0.00000000  |  Thrust[2]:          -0.58957851
Roll:           0.01371664  |  Pitch:           1.75994551  |  Yaw:          -0.04484293  |  Thrust[0]:           0.00000000  |  Thrust[1]:           0.00000000  |  Thrust[2]:          98.46348572
Roll:     -710191.43750000  |  Pitch:      543351.81250000  |  Yaw:           2.36529636  |  Thrust[0]:           0.00000000  |  Thrust[1]:           0.00000000  |  Thrust[2]:  -265991664.00000000
Roll:    -1390673.25000000  |  Pitch:   -12849043.00000000  |  Yaw:           5.69000959  |  Thrust[0]:           0.00000000  |  Thrust[1]:           0.00000000  |  Thrust[2]:  3803583232.00000000
Roll:        4042.08471680  |  Pitch:           1.81647182  |  Yaw:           0.11778925  |  Thrust[0]:           0.00000000  |  Thrust[1]:           0.00000000  |  Thrust[2]:          -0.61649078
Roll:      727517.12500000  |  Pitch:    -1149541.00000000  |  Yaw:          -4.32156181  |  Thrust[0]:           0.00000000  |  Thrust[1]:           0.00000000  |  Thrust[2]:  4468722176.00000000
Roll:           0.09327066  |  Pitch:          -0.83486307  |  Yaw:          -0.04663812  |  Thrust[0]:           0.00000000  |  Thrust[1]:           0.00000000  |  Thrust[2]:        2000.57385254
Roll:           0.17922838  |  Pitch:           4.88386154  |  Yaw:          -0.07163454  |  Thrust[0]:           0.00000000  |  Thrust[1]:           0.00000000  |  Thrust[2]:        -768.19433594
Roll:         871.77954102  |  Pitch:           1.97194517  |  Yaw:          -0.01604292  |  Thrust[0]:           0.00000000  |  Thrust[1]:           0.00000000  |  Thrust[2]:          -0.61550295
Roll:      -42139.42578125  |  Pitch:           1.67311990  |  Yaw:          -1.16315389  |  Thrust[0]:           0.00000000  |  Thrust[1]:           0.00000000  |  Thrust[2]:          -0.62258917
Roll:     -698862.75000000  |  Pitch:     1187714.37500000  |  Yaw:          -2.58346272  |  Thrust[0]:           0.00000000  |  Thrust[1]:           0.00000000  |  Thrust[2]:  -788140032.00000000
Roll:           0.16165100  |  Pitch:           2.69695997  |  Yaw:          -0.05221456  |  Thrust[0]:           0.00000000  |  Thrust[1]:           0.00000000  |  Thrust[2]:        -694.39611816
Roll:           0.23154314  |  Pitch:           7.60837078  |  Yaw:          -0.02518662  |  Thrust[0]:           0.00000000  |  Thrust[1]:           0.00000000  |  Thrust[2]:       -1885.28503418
Roll:           0.29677367  |  Pitch:          -0.41541556  |  Yaw:          -0.02719936  |  Thrust[0]:           0.00000000  |  Thrust[1]:           0.00000000  |  Thrust[2]:         998.25573730
Roll:     -934795.18750000  |  Pitch:      374556.31250000  |  Yaw:          -1.44544101  |  Thrust[0]:           0.00000000  |  Thrust[1]:           0.00000000  |  Thrust[2]: -1680557312.00000000
Roll:    -1259233.37500000  |  Pitch:     1730193.00000000  |  Yaw:           1.31671405  |  Thrust[0]:           0.00000000  |  Thrust[1]:           0.00000000  |  Thrust[2]: -1027014592.00000000
Roll:     5716127.50000000  |  Pitch:     5327906.50000000  |  Yaw:         -10.80555153  |  Thrust[0]:           0.00000000  |  Thrust[1]:           0.00000000  |  Thrust[2]: -1679977600.00000000
Roll:           0.19722268  |  Pitch:           4.51029968  |  Yaw:          -0.02749394  |  Thrust[0]:           0.00000000  |  Thrust[1]:           0.00000000  |  Thrust[2]:        -960.40026855
Roll:      451880.06250000  |  Pitch:    -6557473.00000000  |  Yaw:          -5.20620918  |  Thrust[0]:           0.00000000  |  Thrust[1]:           0.00000000  |  Thrust[2]:  3850016256.00000000
Roll:        8769.44238281  |  Pitch:      278737.40625000  |  Yaw:           1.24272764  |  Thrust[0]:           0.00000000  |  Thrust[1]:           0.00000000  |  Thrust[2]:  -116163344.00000000
Roll:       -1198.82836914  |  Pitch:           1.77476311  |  Yaw:          -0.02471690  |  Thrust[0]:           0.00000000  |  Thrust[1]:           0.00000000  |  Thrust[2]:          -0.62698388
Roll:       -2938.74414062  |  Pitch:           2.07459378  |  Yaw:          -0.05960926  |  Thrust[0]:           0.00000000  |  Thrust[1]:           0.00000000  |  Thrust[2]:          -0.62431610
Roll:       -3614.27294922  |  Pitch:           1.72145367  |  Yaw:          -0.14041649  |  Thrust[0]:           0.00000000  |  Thrust[1]:           0.00000000  |  Thrust[2]:          -0.64229238
Roll:        1678.95410156  |  Pitch:           1.77577496  |  Yaw:           0.00587692  |  Thrust[0]:           0.00000000  |  Thrust[1]:           0.00000000  |  Thrust[2]:          -0.64083982
Roll:           0.00974027  |  Pitch:           1.77120972  |  Yaw:          -0.05240703  |  Thrust[0]:           0.00000000  |  Thrust[1]:           0.00000000  |  Thrust[2]:          60.07055664
Roll:     4260137.50000000  |  Pitch:    11880428.00000000  |  Yaw:           0.29434621  |  Thrust[0]:           0.00000000  |  Thrust[1]:           0.00000000  |  Thrust[2]: -2931950848.00000000
Roll:     -183949.79687500  |  Pitch:      123268.57031250  |  Yaw:          -1.32389021  |  Thrust[0]:           0.00000000  |  Thrust[1]:           0.00000000  |  Thrust[2]:   -92495872.00000000
Roll:           0.10098293  |  Pitch:           0.15566771  |  Yaw:          -0.05754753  |  Thrust[0]:           0.00000000  |  Thrust[1]:           0.00000000  |  Thrust[2]:         876.72845459
Roll:           0.14319275  |  Pitch:           3.14105678  |  Yaw:          -0.05109653  |  Thrust[0]:           0.00000000  |  Thrust[1]:           0.00000000  |  Thrust[2]:        -492.45535278
Roll:          -0.32473564  |  Pitch:           1.32286119  |  Yaw:          -0.48180875  |  Thrust[0]:           0.00000000  |  Thrust[1]:           0.00000000  |  Thrust[2]:         -23.65116119
Roll:          -0.61203676  |  Pitch:           0.04475798  |  Yaw:          -1.52554250  |  Thrust[0]:           0.00000000  |  Thrust[1]:           0.00000000  |  Thrust[2]:         -28.65105247
Roll:         952.43402100  |  Pitch:      -13659.93945312  |  Yaw:          -0.77018684  |  Thrust[0]:           0.00000000  |  Thrust[1]:           0.00000000  |  Thrust[2]:    -1505020.50000000
Roll:       -1894.87634277  |  Pitch:          -1.48644912  |  Yaw:          -0.46416864  |  Thrust[0]:           0.00000000  |  Thrust[1]:           0.00000000  |  Thrust[2]:          -0.20943329
Roll:          -0.58611143  |  Pitch:          -1.00110114  |  Yaw:          -1.11237752  |  Thrust[0]:           0.00000000  |  Thrust[1]:           0.00000000  |  Thrust[2]:          10.32097530
Roll:          -0.38853303  |  Pitch:          -1.54536700  |  Yaw:          -0.77431720  |  Thrust[0]:           0.00000000  |  Thrust[1]:           0.00000000  |  Thrust[2]:          12.95806217
Roll:           0.33749479  |  Pitch:       -1403.83166504  |  Yaw:          -0.83796936  |  Thrust[0]:           0.00000000  |  Thrust[1]:           0.00000000  |  Thrust[2]:           9.77000332
Roll:   -77450016.00000000  |  Pitch:   102820016.00000000  |  Yaw:          -6.51627970  |  Thrust[0]:           0.00000000  |  Thrust[1]:           0.00000000  |  Thrust[2]: -24757157888.00000000
Roll:        -100.00473785  |  Pitch:          -1.33991325  |  Yaw:          -0.53252596  |  Thrust[0]:           0.00000000  |  Thrust[1]:           0.00000000  |  Thrust[2]:          -0.86023074
Roll:          -0.58553290  |  Pitch:         890.55859375  |  Yaw:          -0.48310685  |  Thrust[0]:           0.00000000  |  Thrust[1]:           0.00000000  |  Thrust[2]:          -1.30678642
Roll:       -1277.66149902  |  Pitch:          -1.65566647  |  Yaw:          -0.24256617  |  Thrust[0]:           0.00000000  |  Thrust[1]:           0.00000000  |  Thrust[2]:          -0.81226474
Roll:       -9903.56738281  |  Pitch:          -1.51537430  |  Yaw:          -0.18153962  |  Thrust[0]:           0.00000000  |  Thrust[1]:           0.00000000  |  Thrust[2]:          -0.20606647
Roll:          -0.41003606  |  Pitch:          -1.38018775  |  Yaw:          -0.26981294  |  Thrust[0]:           0.00000000  |  Thrust[1]:           0.00000000  |  Thrust[2]:          22.56374550
Roll:          -0.33439448  |  Pitch:          -1.33823431  |  Yaw:          -0.50364858  |  Thrust[0]:           0.00000000  |  Thrust[1]:           0.00000000  |  Thrust[2]:          11.26781273
Roll:           5.90306187  |  Pitch:       44998.35937500  |  Yaw:          -1.96540785  |  Thrust[0]:           0.00000000  |  Thrust[1]:           0.00000000  |  Thrust[2]:          -0.95025045
Roll:        -164.22622681  |  Pitch:          -1.62877214  |  Yaw:          -0.54810005  |  Thrust[0]:           0.00000000  |  Thrust[1]:           0.00000000  |  Thrust[2]:          -0.87052864
Roll:     3602754.50000000  |  Pitch:     2239966.00000000  |  Yaw:          -4.98383760  |  Thrust[0]:           0.00000000  |  Thrust[1]:           0.00000000  |  Thrust[2]:  -524662848.00000000
Roll:        -335.71185303  |  Pitch:          -1.36843932  |  Yaw:          -0.49528888  |  Thrust[0]:           0.00000000  |  Thrust[1]:           0.00000000  |  Thrust[2]:          -0.85539246
Roll:    26328558.00000000  |  Pitch:    -3634256.75000000  |  Yaw:           2.87224555  |  Thrust[0]:           0.00000000  |  Thrust[1]:           0.00000000  |  Thrust[2]:  1224578688.00000000
Roll:        -149.32580566  |  Pitch:          -1.50537372  |  Yaw:          -0.51983416  |  Thrust[0]:           0.00000000  |  Thrust[1]:           0.00000000  |  Thrust[2]:          -0.85571915
Roll:          -0.10762436  |  Pitch:          -1.45018017  |  Yaw:          -0.23392698  |  Thrust[0]:           0.00000000  |  Thrust[1]:           0.00000000  |  Thrust[2]:         -10.08927631
Roll:          -0.18062410  |  Pitch:          -1.68220210  |  Yaw:          -0.55844039  |  Thrust[0]:           0.00000000  |  Thrust[1]:           0.00000000  |  Thrust[2]:          47.75572968
Roll:     4425154.50000000  |  Pitch:    -1051898.25000000  |  Yaw:           3.20751643  |  Thrust[0]:           0.00000000  |  Thrust[1]:           0.00000000  |  Thrust[2]:  1338086144.00000000
Roll:          -0.55755895  |  Pitch:          -1.35780823  |  Yaw:          -0.50070596  |  Thrust[0]:           0.00000000  |  Thrust[1]:           0.00000000  |  Thrust[2]:          16.67100716
Roll:          -0.70468938  |  Pitch:        2441.57958984  |  Yaw:          -0.27583745  |  Thrust[0]:           0.00000000  |  Thrust[1]:           0.00000000  |  Thrust[2]:          -1.49491239
Roll:          -0.28768846  |  Pitch:          -1.57319188  |  Yaw:          -0.25597295  |  Thrust[0]:           0.00000000  |  Thrust[1]:           0.00000000  |  Thrust[2]:           7.48960257
Roll:          -0.17540301  |  Pitch:          -1.51917672  |  Yaw:          -0.26178339  |  Thrust[0]:           0.00000000  |  Thrust[1]:           0.00000000  |  Thrust[2]:         -21.58985901
Roll:          -0.43953836  |  Pitch:         917.41918945  |  Yaw:          -0.16357303  |  Thrust[0]:           0.00000000  |  Thrust[1]:           0.00000000  |  Thrust[2]:          -2.28362870
Roll:          -0.56818336  |  Pitch:          -1.60325837  |  Yaw:          -0.49802041  |  Thrust[0]:           0.00000000  |  Thrust[1]:           0.00000000  |  Thrust[2]:          40.45489120
Roll:          -0.11463448  |  Pitch:       -1178.72729492  |  Yaw:          -0.44946498  |  Thrust[0]:           0.00000000  |  Thrust[1]:           0.00000000  |  Thrust[2]:           1.17150724
Roll:          -0.19608746  |  Pitch:       -2523.58154297  |  Yaw:          -0.56857717  |  Thrust[0]:           0.00000000  |  Thrust[1]:           0.00000000  |  Thrust[2]:          -1.18535256
Roll:     8300002.50000000  |  Pitch:    -3757462.50000000  |  Yaw:          -4.85983562  |  Thrust[0]:           0.00000000  |  Thrust[1]:           0.00000000  |  Thrust[2]:   744780032.00000000
Roll:        -159.32278442  |  Pitch:          -1.34910524  |  Yaw:          -0.27106753  |  Thrust[0]:           0.00000000  |  Thrust[1]:           0.00000000  |  Thrust[2]:          -0.85027564
Roll:          -0.80171722  |  Pitch:        -215.94448853  |  Yaw:          -0.27911794  |  Thrust[0]:           0.00000000  |  Thrust[1]:           0.00000000  |  Thrust[2]:          -9.94937038
Roll:          -0.39547640  |  Pitch:         -93.81786346  |  Yaw:          -0.05265478  |  Thrust[0]:           0.00000000  |  Thrust[1]:           0.00000000  |  Thrust[2]:          -5.80308437
Roll:        -212.80966187  |  Pitch:          -1.60545599  |  Yaw:          -0.25102586  |  Thrust[0]:           0.00000000  |  Thrust[1]:           0.00000000  |  Thrust[2]:          -0.82393682
Roll:       -1842.11303711  |  Pitch:          -1.55878937  |  Yaw:          -0.27493578  |  Thrust[0]:           0.00000000  |  Thrust[1]:           0.00000000  |  Thrust[2]:          -0.86631101
Roll:    -2191985.50000000  |  Pitch:     3188677.50000000  |  Yaw:          -0.88683796  |  Thrust[0]:           0.00000000  |  Thrust[1]:           0.00000000  |  Thrust[2]:  -731563136.00000000
Roll:      587190.93750000  |  Pitch:     -961078.25000000  |  Yaw:          -0.62889314  |  Thrust[0]:           0.00000000  |  Thrust[1]:           0.00000000  |  Thrust[2]:   219299824.00000000
Roll:     2795546.25000000  |  Pitch:     -496115.09375000  |  Yaw:          -1.78663981  |  Thrust[0]:           0.00000000  |  Thrust[1]:           0.00000000  |  Thrust[2]:   941829760.00000000
Roll:    12011502.00000000  |  Pitch:    11813700.00000000  |  Yaw:           0.48665524  |  Thrust[0]:           0.00000000  |  Thrust[1]:           0.00000000  |  Thrust[2]:  2951677440.00000000
Roll:          -0.01344039  |  Pitch:        1744.12890625  |  Yaw:          -0.55803972  |  Thrust[0]:           0.00000000  |  Thrust[1]:           0.00000000  |  Thrust[2]:          -0.88301831
Roll:          -0.44479957  |  Pitch:          -1.43278348  |  Yaw:          -0.25886062  |  Thrust[0]:           0.00000000  |  Thrust[1]:           0.00000000  |  Thrust[2]:           8.51727200
Roll:           0.21827029  |  Pitch:          -2.00862217  |  Yaw:          -1.86880958  |  Thrust[0]:           0.00000000  |  Thrust[1]:           0.00000000  |  Thrust[2]:          -8.37857628
Roll:         156.09281921  |  Pitch:           2.93092155  |  Yaw:         -18.67425346  |  Thrust[0]:           0.00000000  |  Thrust[1]:           0.00000000  |  Thrust[2]:          -0.96061856
Roll:        -259.70858765  |  Pitch:        -382.45184326  |  Yaw:          -0.25409445  |  Thrust[0]:           0.00000000  |  Thrust[1]:           0.00000000  |  Thrust[2]:      249337.26562500
Roll:        5867.58154297  |  Pitch:      -95118.56250000  |  Yaw:           0.04911175  |  Thrust[0]:           0.00000000  |  Thrust[1]:           0.00000000  |  Thrust[2]:    15805347.00000000
Roll:        1969.95410156  |  Pitch:           2.21607924  |  Yaw:           0.13049743  |  Thrust[0]:           0.00000000  |  Thrust[1]:           0.00000000  |  Thrust[2]:          -0.92200029
Roll:         253.33215332  |  Pitch:           2.28792357  |  Yaw:          -0.32535869  |  Thrust[0]:           0.00000000  |  Thrust[1]:           0.00000000  |  Thrust[2]:          -0.98056126
Roll:        -461.95785522  |  Pitch:           2.60227370  |  Yaw:           0.03335096  |  Thrust[0]:           0.00000000  |  Thrust[1]:           0.00000000  |  Thrust[2]:          -0.84819257
Roll:          -0.17320023  |  Pitch:           2.19371629  |  Yaw:          -0.03624087  |  Thrust[0]:           0.00000000  |  Thrust[1]:           0.00000000  |  Thrust[2]:          48.42769623
Roll:        2273.16284180  |  Pitch:           2.32221341  |  Yaw:          -0.07434662  |  Thrust[0]:           0.00000000  |  Thrust[1]:           0.00000000  |  Thrust[2]:          -0.94058383
Roll:          -0.08204687  |  Pitch:           2.67047262  |  Yaw:          -0.03503511  |  Thrust[0]:           0.00000000  |  Thrust[1]:           0.00000000  |  Thrust[2]:         -63.41721725
Roll:          -0.13441543  |  Pitch:           2.69075084  |  Yaw:          -0.04167743  |  Thrust[0]:           0.00000000  |  Thrust[1]:           0.00000000  |  Thrust[2]:         -21.19402313
Roll:          -0.17393896  |  Pitch:           2.37035704  |  Yaw:          -0.03834838  |  Thrust[0]:           0.00000000  |  Thrust[1]:           0.00000000  |  Thrust[2]:          -8.48212814
Roll:          -0.18210009  |  Pitch:           1.95375717  |  Yaw:           0.03315428  |  Thrust[0]:           0.00000000  |  Thrust[1]:           0.00000000  |  Thrust[2]:          45.51250076
Roll:         745.25439453  |  Pitch:           2.35428047  |  Yaw:           0.04034100  |  Thrust[0]:           0.00000000  |  Thrust[1]:           0.00000000  |  Thrust[2]:          -0.90464902
Roll:        1294.73901367  |  Pitch:           2.40599227  |  Yaw:          -0.01450074  |  Thrust[0]:           0.00000000  |  Thrust[1]:           0.00000000  |  Thrust[2]:          -0.89008862
Roll:           0.08383833  |  Pitch:       -1560.95190430  |  Yaw:          -0.14711243  |  Thrust[0]:           0.00000000  |  Thrust[1]:           0.00000000  |  Thrust[2]:         -34.36231232
Roll:     -529174.31250000  |  Pitch:     -565904.87500000  |  Yaw:           1.29495716  |  Thrust[0]:           0.00000000  |  Thrust[1]:           0.00000000  |  Thrust[2]:    54990952.00000000
Roll:        3815.85131836  |  Pitch:           2.46951222  |  Yaw:          -0.00591525  |  Thrust[0]:           0.00000000  |  Thrust[1]:           0.00000000  |  Thrust[2]:          -0.94418734
Roll:          -0.06424882  |  Pitch:           3.01209211  |  Yaw:          -0.04109209  |  Thrust[0]:           0.00000000  |  Thrust[1]:           0.00000000  |  Thrust[2]:         -87.77552032
Roll:          -0.20322017  |  Pitch:           2.45407248  |  Yaw:          -0.04533189  |  Thrust[0]:           0.00000000  |  Thrust[1]:           0.00000000  |  Thrust[2]:           3.92630959
Roll:          -0.11624075  |  Pitch:           2.46803951  |  Yaw:          -0.05121696  |  Thrust[0]:           0.00000000  |  Thrust[1]:           0.00000000  |  Thrust[2]:          -4.80288458
Roll:         373.01464844  |  Pitch:           2.23400235  |  Yaw:           0.04149272  |  Thrust[0]:           0.00000000  |  Thrust[1]:           0.00000000  |  Thrust[2]:          -0.94216681
Roll:         522.13787842  |  Pitch:           2.29280233  |  Yaw:           0.02107571  |  Thrust[0]:           0.00000000  |  Thrust[1]:           0.00000000  |  Thrust[2]:          -0.95779896
Roll:          -0.43430656  |  Pitch:         352.02258301  |  Yaw:          -0.03131479  |  Thrust[0]:           0.00000000  |  Thrust[1]:           0.00000000  |  Thrust[2]:          -1.48264778
Roll:       -4234.06738281  |  Pitch:           2.58789682  |  Yaw:          -0.02060421  |  Thrust[0]:           0.00000000  |  Thrust[1]:           0.00000000  |  Thrust[2]:          -0.91061187
Roll:           0.07664160  |  Pitch:           1.94050944  |  Yaw:           0.03955901  |  Thrust[0]:           0.00000000  |  Thrust[1]:           0.00000000  |  Thrust[2]:          74.01634979
Roll:           0.02059104  |  Pitch:           1.94546425  |  Yaw:           0.03352736  |  Thrust[0]:           0.00000000  |  Thrust[1]:           0.00000000  |  Thrust[2]:          39.48373032
Roll:           0.16169180  |  Pitch:         352.10357666  |  Yaw:           0.16631252  |  Thrust[0]:           0.00000000  |  Thrust[1]:           0.00000000  |  Thrust[2]:          -1.55745614
Roll:        -354.36724854  |  Pitch:           2.62930465  |  Yaw:          -0.06065559  |  Thrust[0]:           0.00000000  |  Thrust[1]:           0.00000000  |  Thrust[2]:          -0.88218051
Roll:          -0.19074726  |  Pitch:           2.75534630  |  Yaw:          -0.04826638  |  Thrust[0]:           0.00000000  |  Thrust[1]:           0.00000000  |  Thrust[2]:         -24.61580467
Roll:        -512.06530762  |  Pitch:           2.65752435  |  Yaw:          -0.06822143  |  Thrust[0]:           0.00000000  |  Thrust[1]:           0.00000000  |  Thrust[2]:          -0.94041133
Roll:         776.11614990  |  Pitch:           2.10010743  |  Yaw:           0.04786211  |  Thrust[0]:           0.00000000  |  Thrust[1]:           0.00000000  |  Thrust[2]:          -0.95968217
Roll:          -8.08132267  |  Pitch:           0.05775138  |  Yaw:           4.45334053  |  Thrust[0]:           0.00000000  |  Thrust[1]:           0.00000000  |  Thrust[2]:          -0.87270099
Roll:         -65.76985168  |  Pitch:          -0.50986475  |  Yaw:           3.77298999  |  Thrust[0]:           0.00000000  |  Thrust[1]:           0.00000000  |  Thrust[2]:          -0.97933805
Roll:          -8.80714321  |  Pitch:           0.18324034  |  Yaw:          -0.11719203  |  Thrust[0]:           0.00000000  |  Thrust[1]:           0.00000000  |  Thrust[2]:          -0.72439951
Roll:           0.99308562  |  Pitch:         572.79827881  |  Yaw:         -48.34994888  |  Thrust[0]:           0.00000000  |  Thrust[1]:           0.00000000  |  Thrust[2]:           6.74298334
Roll:     1795509.00000000  |  Pitch:      590952.93750000  |  Yaw:         -18.01874542  |  Thrust[0]:           0.00000000  |  Thrust[1]:           0.00000000  |  Thrust[2]:   -84427848.00000000
Roll:           1.56432247  |  Pitch:       -6937.85986328  |  Yaw:          -2.11506748  |  Thrust[0]:           0.00000000  |  Thrust[1]:           0.00000000  |  Thrust[2]:         -25.05651474
Roll:           1.19988453  |  Pitch:          -0.49787095  |  Yaw:          -0.34955886  |  Thrust[0]:           0.00000000  |  Thrust[1]:           0.00000000  |  Thrust[2]:          30.35980034
Roll:          80.44896698  |  Pitch:          -0.26040682  |  Yaw:          -0.35203287  |  Thrust[0]:           0.00000000  |  Thrust[1]:           0.00000000  |  Thrust[2]:          -0.80762577
Roll:          77.93689728  |  Pitch:          -0.16429654  |  Yaw:          -0.35482985  |  Thrust[0]:           0.00000000  |  Thrust[1]:           0.00000000  |  Thrust[2]:          -0.81994230
Roll:           1.05457890  |  Pitch:       22157.73046875  |  Yaw:          -2.95640349  |  Thrust[0]:           0.00000000  |  Thrust[1]:           0.00000000  |  Thrust[2]:         128.41972351
Roll:    -4568728.00000000  |  Pitch:    -4426334.00000000  |  Yaw:           6.50591612  |  Thrust[0]:           0.00000000  |  Thrust[1]:           0.00000000  |  Thrust[2]:   848787712.00000000
Roll:          73.85913849  |  Pitch:          -0.28454879  |  Yaw:          -0.35740343  |  Thrust[0]:           0.00000000  |  Thrust[1]:           0.00000000  |  Thrust[2]:          -0.82739902
Roll:        5973.29248047  |  Pitch:           0.41620535  |  Yaw:          -0.26359084  |  Thrust[0]:           0.00000000  |  Thrust[1]:           0.00000000  |  Thrust[2]:          -0.21530902
Roll:           0.91544712  |  Pitch:        5365.87255859  |  Yaw:           0.06072073  |  Thrust[0]:           0.00000000  |  Thrust[1]:           0.00000000  |  Thrust[2]:           0.20680606
Roll:         170.62339783  |  Pitch:          -0.23425935  |  Yaw:          -0.34567437  |  Thrust[0]:           0.00000000  |  Thrust[1]:           0.00000000  |  Thrust[2]:          -0.81637532
Roll:     6268843.50000000  |  Pitch:    10686916.00000000  |  Yaw:         -16.77046967  |  Thrust[0]:           0.00000000  |  Thrust[1]:           0.00000000  |  Thrust[2]: -3769615104.00000000
Roll:           1.28068841  |  Pitch:          -0.45112386  |  Yaw:          -0.30191267  |  Thrust[0]:           0.00000000  |  Thrust[1]:           0.00000000  |  Thrust[2]:          20.37810326
Roll:    -1110415.12500000  |  Pitch:    -4685220.00000000  |  Yaw:           2.13246870  |  Thrust[0]:           0.00000000  |  Thrust[1]:           0.00000000  |  Thrust[2]:   808181824.00000000
Roll:           1.21801353  |  Pitch:       15920.42968750  |  Yaw:           0.62902063  |  Thrust[0]:           0.00000000  |  Thrust[1]:           0.00000000  |  Thrust[2]:          69.47231293
Roll:         800.32501221  |  Pitch:       19073.97656250  |  Yaw:          -0.00855311  |  Thrust[0]:           0.00000000  |  Thrust[1]:           0.00000000  |  Thrust[2]:   -12034783.00000000
Roll:    -1517906.37500000  |  Pitch:    -1644055.62500000  |  Yaw:          -1.23020601  |  Thrust[0]:           0.00000000  |  Thrust[1]:           0.00000000  |  Thrust[2]:  2224331776.00000000
Roll:           1.18483925  |  Pitch:          -0.38202393  |  Yaw:          -0.35154927  |  Thrust[0]:           0.00000000  |  Thrust[1]:           0.00000000  |  Thrust[2]:          23.01155090
Roll:           1.13312781  |  Pitch:          -0.36594728  |  Yaw:          -0.28158870  |  Thrust[0]:           0.00000000  |  Thrust[1]:           0.00000000  |  Thrust[2]:          17.12429428
Roll:          45.47984314  |  Pitch:          -0.39867404  |  Yaw:          -0.28679970  |  Thrust[0]:           0.00000000  |  Thrust[1]:           0.00000000  |  Thrust[2]:          -0.83202928
Roll:     -298845.71875000  |  Pitch:     -463482.96875000  |  Yaw:           0.91976476  |  Thrust[0]:           0.00000000  |  Thrust[1]:           0.00000000  |  Thrust[2]:   135118160.00000000
Roll:           1.91186786  |  Pitch:       -8072.59716797  |  Yaw:           0.56274050  |  Thrust[0]:           0.00000000  |  Thrust[1]:           0.00000000  |  Thrust[2]:         -46.72963715
Roll:          32.27418900  |  Pitch:          -0.14038458  |  Yaw:          -0.25129250  |  Thrust[0]:           0.00000000  |  Thrust[1]:           0.00000000  |  Thrust[2]:          -0.80412251
Roll:           1.62402177  |  Pitch:        3968.54077148  |  Yaw:          -1.26092088  |  Thrust[0]:           0.00000000  |  Thrust[1]:           0.00000000  |  Thrust[2]:           7.15259552
Roll:     1159617.62500000  |  Pitch:    -1068813.62500000  |  Yaw:           0.60757059  |  Thrust[0]:           0.00000000  |  Thrust[1]:           0.00000000  |  Thrust[2]:   340816384.00000000
Roll:      -74860.33593750  |  Pitch:      -12958.04882812  |  Yaw:          -0.16015485  |  Thrust[0]:           0.00000000  |  Thrust[1]:           0.00000000  |  Thrust[2]:     1661010.12500000
Roll:           2.95596576  |  Pitch:      -33343.51562500  |  Yaw:          -3.62323570  |  Thrust[0]:           0.00000000  |  Thrust[1]:           0.00000000  |  Thrust[2]:        -177.89608765
Roll:          40.96822357  |  Pitch:          -0.27146041  |  Yaw:          -0.35266322  |  Thrust[0]:           0.00000000  |  Thrust[1]:           0.00000000  |  Thrust[2]:          -0.81956518
Roll:           1.58423960  |  Pitch:        3245.51318359  |  Yaw:           0.89982992  |  Thrust[0]:           0.00000000  |  Thrust[1]:           0.00000000  |  Thrust[2]:          22.36753273
Roll:       46443.40625000  |  Pitch:      -60776.07421875  |  Yaw:          -0.23859198  |  Thrust[0]:           0.00000000  |  Thrust[1]:           0.00000000  |  Thrust[2]:  -129482544.00000000
Roll:           1.09192729  |  Pitch:        7068.21289062  |  Yaw:           0.43027192  |  Thrust[0]:           0.00000000  |  Thrust[1]:           0.00000000  |  Thrust[2]:          31.50349426
Roll:           1.32577920  |  Pitch:          -0.41988119  |  Yaw:          -0.31060639  |  Thrust[0]:           0.00000000  |  Thrust[1]:           0.00000000  |  Thrust[2]:          14.75360298
Roll:      -37548.85546875  |  Pitch:          13.25764847  |  Yaw:           1.38068783  |  Thrust[0]:           0.00000000  |  Thrust[1]:           0.00000000  |  Thrust[2]:          -0.19177480
Roll:           0.93738198  |  Pitch:          -0.53675944  |  Yaw:          -0.31901231  |  Thrust[0]:           0.00000000  |  Thrust[1]:           0.00000000  |  Thrust[2]:           8.57869911
Roll:           1.04618943  |  Pitch:       10267.81640625  |  Yaw:           0.21448945  |  Thrust[0]:           0.00000000  |  Thrust[1]:           0.00000000  |  Thrust[2]:          71.46764374
Roll:    12459772.00000000  |  Pitch:     7501829.00000000  |  Yaw:          25.05523682  |  Thrust[0]:           0.00000000  |  Thrust[1]:           0.00000000  |  Thrust[2]: -2397497088.00000000
Roll:           3.38125277  |  Pitch:      -79776.92968750  |  Yaw:          32.05951691  |  Thrust[0]:           0.00000000  |  Thrust[1]:           0.00000000  |  Thrust[2]:        -131.63880920
Roll:         -25.12142754  |  Pitch:          -2.18911386  |  Yaw:          -0.34256136  |  Thrust[0]:           0.00000000  |  Thrust[1]:           0.00000000  |  Thrust[2]:          -1.58715689
Roll:       -6872.48583984  |  Pitch:          -0.06378067  |  Yaw:          -0.08174931  |  Thrust[0]:           0.00000000  |  Thrust[1]:           0.00000000  |  Thrust[2]:          -0.01097225
Roll:           0.81447577  |  Pitch:          -1.95922744  |  Yaw:          -0.36575991  |  Thrust[0]:           0.00000000  |  Thrust[1]:           0.00000000  |  Thrust[2]:         -10.20971966
Roll:         100.11297607  |  Pitch:          -1.89867902  |  Yaw:          -0.35747436  |  Thrust[0]:           0.00000000  |  Thrust[1]:           0.00000000  |  Thrust[2]:          -1.40096331
Roll:   -15300353.00000000  |  Pitch:   -87796056.00000000  |  Yaw:          75.43965912  |  Thrust[0]:           0.00000000  |  Thrust[1]:           0.00000000  |  Thrust[2]: 40580288512.00000000
Roll:         -50.50653839  |  Pitch:          -1.45477712  |  Yaw:          -0.35153386  |  Thrust[0]:           0.00000000  |  Thrust[1]:           0.00000000  |  Thrust[2]:          -1.32861829
Roll:           0.56818771  |  Pitch:          -1.45628464  |  Yaw:          -0.35579029  |  Thrust[0]:           0.00000000  |  Thrust[1]:           0.00000000  |  Thrust[2]:          -6.78609085
Roll:           0.17094572  |  Pitch:        7265.24951172  |  Yaw:          -0.58562368  |  Thrust[0]:           0.00000000  |  Thrust[1]:           0.00000000  |  Thrust[2]:          -0.27767947
Roll:         619.37536621  |  Pitch:          -1.64328706  |  Yaw:          -0.40022579  |  Thrust[0]:           0.00000000  |  Thrust[1]:           0.00000000  |  Thrust[2]:          -1.36171567
Roll:          -6.63022280  |  Pitch:          -2.26917148  |  Yaw:          -0.29325393  |  Thrust[0]:           0.00000000  |  Thrust[1]:           0.00000000  |  Thrust[2]:          -0.29539397
Roll:          -4.92487812  |  Pitch:          -2.28679156  |  Yaw:          -0.29300553  |  Thrust[0]:           0.00000000  |  Thrust[1]:           0.00000000  |  Thrust[2]:           0.09278744
Roll:          -4.50197220  |  Pitch:          -2.29656768  |  Yaw:          -0.29198363  |  Thrust[0]:           0.00000000  |  Thrust[1]:           0.00000000  |  Thrust[2]:           0.10410230
Roll:          -1.99232852  |  Pitch:          -2.39305258  |  Yaw:          -0.28445834  |  Thrust[0]:           0.00000000  |  Thrust[1]:           0.00000000  |  Thrust[2]:           0.03599899
Roll:          -3.18067718  |  Pitch:          -2.40458202  |  Yaw:          -0.28874594  |  Thrust[0]:           0.00000000  |  Thrust[1]:           0.00000000  |  Thrust[2]:           0.04143828
Roll:           3.04299808  |  Pitch:          -2.33909106  |  Yaw:          -0.29104173  |  Thrust[0]:           0.00000000  |  Thrust[1]:           0.00000000  |  Thrust[2]:           0.49331892
Roll:          -2.63174295  |  Pitch:          -2.31293058  |  Yaw:          -0.28659016  |  Thrust[0]:           0.00000000  |  Thrust[1]:           0.00000000  |  Thrust[2]:           0.00688535
Roll:           2.61633873  |  Pitch:          -2.17188931  |  Yaw:          -0.29238704  |  Thrust[0]:           0.00000000  |  Thrust[1]:           0.00000000  |  Thrust[2]:           0.55297774
Roll:          -5.08093452  |  Pitch:          -2.10996604  |  Yaw:          -0.29242423  |  Thrust[0]:           0.00000000  |  Thrust[1]:           0.00000000  |  Thrust[2]:           0.10121486
Roll:      175599.90625000  |  Pitch:     -520166.12500000  |  Yaw:          -1.25155032  |  Thrust[0]:           0.00000000  |  Thrust[1]:           0.00000000  |  Thrust[2]:   -28176866.00000000
